16.02.24 12:29:03 ::1 .
16.02.24 12:29:10 ::1 ./0011223344556677
16.02.24 12:29:13 ::1 .
16.02.24 12:29:16 ::1 ./0011223344556677
16.02.24 12:55:44 ::1 .
16.02.24 12:56:14 ::1 .
16.02.24 12:56:15 ::1 ./0011223344556677
16.02.24 12:56:35 ::1 .
16.02.24 13:14:04 ::1 .
16.02.24 13:14:30 ::1 .
16.02.24 13:20:32 ::1 .
16.02.24 13:25:20 ::1 blxremote.php: (CMD:'upsync')(0011223344556677/testfile.dat => 46kB)(Run:1.3709 msec)
17.02.24 01:10:17 ::1 blxremote.php: (CMD:'upsync')(0011223344556677/testfile.dat => 46kB)(Run:8.3358 msec)
18.02.24 22:39:24 ::1 .
18.02.24 22:39:44 ::1 .
18.02.24 22:48:31 ::1 .
18.02.24 23:44:23 ::1 blxremote.php: (CMD:'upsync')(Gen Dir 'A0534D8E8DB6F418')(A0534D8E8DB6F418/data.edt => 6kB)(Run:3.32 msec)
18.02.24 23:44:23 ::1 blxremote.php: (CMD:'upsync')(A0534D8E8DB6F418/data.edt.old => 6kB)(Run:0.7279 msec)
18.02.24 23:44:23 ::1 blxremote.php: (CMD:'upsync')(Gen Dir 'DDC2FB99207A7E7E')(DDC2FB99207A7E7E/data.edt => 6kB)(Run:1.246 msec)
18.02.24 23:44:23 ::1 blxremote.php: (CMD:'upsync')(Gen Dir 'CFA091D23F3D0F27')(CFA091D23F3D0F27/data.edt => 6kB)(Run:1.086 msec)
18.02.24 23:44:23 ::1 blxremote.php: (CMD:'upsync')(Gen Dir 'B421A86B9ADFCAC2')(B421A86B9ADFCAC2/data.edt => 6kB)(Run:1.1711 msec)
18.02.24 23:44:32 ::1 .
18.02.24 23:44:34 ::1 ./DDC2FB99207A7E7E
18.02.24 23:44:39 ::1 ./B421A86B9ADFCAC2
18.02.24 23:44:43 ::1 ./0011223344556677
18.02.24 23:45:00 ::1 ./B421A86B9ADFCAC2
18.02.24 23:48:59 ::1 blxremote.php: (CMD:'upsync')(Gen Dir 'A0534D8E8DB6F418')(A0534D8E8DB6F418/data.edt => 2kB)(Run:1.796 msec)
18.02.24 23:48:59 ::1 blxremote.php: (CMD:'upsync')(A0534D8E8DB6F418/data.edt.old => 2kB)(Run:0.6049 msec)
18.02.24 23:48:59 ::1 blxremote.php: (CMD:'upsync')(Gen Dir 'DDC2FB99207A7E7E')(DDC2FB99207A7E7E/data.edt => 2kB)(Run:1.0879 msec)
18.02.24 23:48:59 ::1 blxremote.php: (CMD:'upsync')(Gen Dir 'CFA091D23F3D0F27')(CFA091D23F3D0F27/data.edt => 2kB)(Run:1.101 msec)
18.02.24 23:48:59 ::1 blxremote.php: (CMD:'upsync')(Gen Dir 'B421A86B9ADFCAC2')(B421A86B9ADFCAC2/data.edt => 2kB)(Run:1.0691 msec)
18.02.24 23:50:28 ::1 blxremote.php: (CMD:'upsync')(Gen Dir 'A0534D8E8DB6F418')(A0534D8E8DB6F418/data.edt => 2kB)(Run:1.5662 msec)
18.02.24 23:50:28 ::1 blxremote.php: (CMD:'upsync')(A0534D8E8DB6F418/data.edt.old => 2kB)(Run:0.5181 msec)
18.02.24 23:50:28 ::1 blxremote.php: (CMD:'upsync')(Gen Dir 'DDC2FB99207A7E7E')(DDC2FB99207A7E7E/data.edt => 2kB)(Run:1.0431 msec)
18.02.24 23:50:28 ::1 blxremote.php: (CMD:'upsync')(Gen Dir 'CFA091D23F3D0F27')(CFA091D23F3D0F27/data.edt => 2kB)(Run:1.431 msec)
18.02.24 23:50:28 ::1 blxremote.php: (CMD:'upsync')(Gen Dir 'B421A86B9ADFCAC2')(B421A86B9ADFCAC2/data.edt => 2kB)(Run:1.1752 msec)
18.02.24 23:51:55 ::1 blxremote.php: (CMD:'upsync')(A0534D8E8DB6F418/data.edt => 2kB)(Run:0.911 msec)
18.02.24 23:51:55 ::1 blxremote.php: (CMD:'upsync')(A0534D8E8DB6F418/data.edt.old => 2kB)(Run:0.5009 msec)
18.02.24 23:51:55 ::1 blxremote.php: (CMD:'upsync')(DDC2FB99207A7E7E/data.edt => 2kB)(Run:0.618 msec)
18.02.24 23:51:55 ::1 blxremote.php: (CMD:'upsync')(CFA091D23F3D0F27/data.edt => 2kB)(Run:0.6061 msec)
18.02.24 23:51:55 ::1 blxremote.php: (CMD:'upsync')(B421A86B9ADFCAC2/data.edt => 2kB)(Run:0.6039 msec)
18.02.24 23:52:38 ::1 blxremote.php: (CMD:'upsync')(A0534D8E8DB6F418/data.edt => 2kB)(Run:0.9542 msec)
18.02.24 23:52:38 ::1 blxremote.php: (CMD:'upsync')(A0534D8E8DB6F418/data.edt.old => 2kB)(Run:0.741 msec)
18.02.24 23:52:38 ::1 blxremote.php: (CMD:'upsync')(DDC2FB99207A7E7E/data.edt => 2kB)(Run:0.6049 msec)
18.02.24 23:52:38 ::1 blxremote.php: (CMD:'upsync')(CFA091D23F3D0F27/data.edt => 2kB)(Run:0.6042 msec)
18.02.24 23:52:38 ::1 blxremote.php: (CMD:'upsync')(B421A86B9ADFCAC2/data.edt => 2kB)(Run:0.5651 msec)
18.02.24 23:54:24 ::1 blxremote.php: (CMD:'upsync')(A0534D8E8DB6F418/data.edt => 2kB)(Run:0.9248 msec)
18.02.24 23:54:24 ::1 blxremote.php: (CMD:'upsync')(A0534D8E8DB6F418/data.edt.old => 2kB)(Run:0.566 msec)
18.02.24 23:54:24 ::1 blxremote.php: (CMD:'upsync')(DDC2FB99207A7E7E/data.edt => 2kB)(Run:0.6068 msec)
18.02.24 23:54:24 ::1 blxremote.php: (CMD:'upsync')(CFA091D23F3D0F27/data.edt => 2kB)(Run:0.71 msec)
18.02.24 23:54:24 ::1 blxremote.php: (CMD:'upsync')(B421A86B9ADFCAC2/data.edt => 2kB)(Run:0.617 msec)
18.02.24 23:55:53 ::1 blxremote.php: (CMD:'upsync')(A0534D8E8DB6F418/data.edt => 2kB)(Run:1.215 msec)
18.02.24 23:55:53 ::1 blxremote.php: (CMD:'upsync')(A0534D8E8DB6F418/data.edt.old => 2kB)(Run:0.5651 msec)
18.02.24 23:55:53 ::1 blxremote.php: (CMD:'upsync')(DDC2FB99207A7E7E/data.edt => 2kB)(Run:0.5989 msec)
18.02.24 23:55:53 ::1 blxremote.php: (CMD:'upsync')(CFA091D23F3D0F27/data.edt => 2kB)(Run:0.6101 msec)
18.02.24 23:55:54 ::1 blxremote.php: (CMD:'upsync')(B421A86B9ADFCAC2/data.edt => 2kB)(Run:0.572 msec)
18.02.24 23:56:34 ::1 blxremote.php: (CMD:'upsync')(A0534D8E8DB6F418/data.edt => 2kB)(Run:0.9031 msec)
18.02.24 23:56:34 ::1 blxremote.php: (CMD:'upsync')(A0534D8E8DB6F418/data.edt.old => 2kB)(Run:0.541 msec)
18.02.24 23:56:34 ::1 blxremote.php: (CMD:'upsync')(DDC2FB99207A7E7E/data.edt => 2kB)(Run:0.6089 msec)
18.02.24 23:56:34 ::1 blxremote.php: (CMD:'upsync')(CFA091D23F3D0F27/data.edt => 2kB)(Run:0.6108 msec)
18.02.24 23:56:34 ::1 blxremote.php: (CMD:'upsync')(B421A86B9ADFCAC2/data.edt => 2kB)(Run:0.6092 msec)
18.02.24 23:57:52 ::1 blxremote.php: (CMD:'upsync')(A0534D8E8DB6F418/data.edt => 2kB)(Run:0.9449 msec)
18.02.24 23:57:52 ::1 blxremote.php: (CMD:'upsync')(A0534D8E8DB6F418/data.edt.old => 2kB)(Run:0.5231 msec)
18.02.24 23:57:52 ::1 blxremote.php: (CMD:'upsync')(DDC2FB99207A7E7E/data.edt => 2kB)(Run:0.6268 msec)
18.02.24 23:57:52 ::1 blxremote.php: (CMD:'upsync')(CFA091D23F3D0F27/data.edt => 2kB)(Run:0.596 msec)
18.02.24 23:57:52 ::1 blxremote.php: (CMD:'upsync')(B421A86B9ADFCAC2/data.edt => 2kB)(Run:0.6762 msec)
18.02.24 23:59:20 ::1 blxremote.php: (CMD:'upsync')(A0534D8E8DB6F418/data.edt => 2kB)(Run:0.8962 msec)
18.02.24 23:59:21 ::1 blxremote.php: (CMD:'upsync')(A0534D8E8DB6F418/data.edt.old => 2kB)(Run:0.5021 msec)
18.02.24 23:59:23 ::1 blxremote.php: (CMD:'upsync')(DDC2FB99207A7E7E/data.edt => 2kB)(Run:0.6421 msec)
18.02.24 23:59:23 ::1 blxremote.php: (CMD:'upsync')(CFA091D23F3D0F27/data.edt => 2kB)(Run:0.7188 msec)
18.02.24 23:59:23 ::1 blxremote.php: (CMD:'upsync')(B421A86B9ADFCAC2/data.edt => 2kB)(Run:0.6921 msec)
19.02.24 00:00:00 ::1 blxremote.php: (CMD:'upsync')(A0534D8E8DB6F418/data.edt => 2kB)(Run:0.998 msec)
19.02.24 00:00:01 ::1 blxremote.php: (CMD:'upsync')(A0534D8E8DB6F418/data.edt.old => 2kB)(Run:0.53 msec)
19.02.24 00:00:02 ::1 blxremote.php: (CMD:'upsync')(DDC2FB99207A7E7E/data.edt => 2kB)(Run:0.761 msec)
19.02.24 00:00:02 ::1 blxremote.php: (CMD:'upsync')(CFA091D23F3D0F27/data.edt => 2kB)(Run:0.5932 msec)
19.02.24 00:00:02 ::1 blxremote.php: (CMD:'upsync')(B421A86B9ADFCAC2/data.edt => 2kB)(Run:0.612 msec)
19.02.24 00:03:58 ::1 blxremote.php: (CMD:'upsync')(A0534D8E8DB6F418/data.edt => 2kB)(Run:0.906 msec)
19.02.24 00:03:59 ::1 blxremote.php: (CMD:'upsync')(A0534D8E8DB6F418/data.edt.old => 2kB)(Run:0.5541 msec)
19.02.24 00:04:00 ::1 blxremote.php: (CMD:'upsync')(DDC2FB99207A7E7E/data.edt => 2kB)(Run:1.0269 msec)
19.02.24 00:04:00 ::1 blxremote.php: (CMD:'upsync')(CFA091D23F3D0F27/data.edt => 2kB)(Run:1.0791 msec)
19.02.24 00:04:00 ::1 blxremote.php: (CMD:'upsync')(B421A86B9ADFCAC2/data.edt => 2kB)(Run:0.787 msec)
19.02.24 00:04:21 ::1 blxremote.php: (CMD:'upsync')(A0534D8E8DB6F418/data.edt => 2kB)(Run:1.2519 msec)
19.02.24 00:04:21 ::1 blxremote.php: (CMD:'upsync')(A0534D8E8DB6F418/data.edt.old => 2kB)(Run:0.669 msec)
19.02.24 00:04:21 ::1 blxremote.php: (CMD:'upsync')(DDC2FB99207A7E7E/data.edt => 2kB)(Run:0.6371 msec)
19.02.24 00:04:21 ::1 blxremote.php: (CMD:'upsync')(CFA091D23F3D0F27/data.edt => 2kB)(Run:0.638 msec)
19.02.24 00:04:21 ::1 blxremote.php: (CMD:'upsync')(B421A86B9ADFCAC2/data.edt => 2kB)(Run:1.554 msec)
19.02.24 00:04:40 ::1 blxremote.php: (CMD:'upsync')(A0534D8E8DB6F418/data.edt => 2kB)(Run:0.4642 msec)
19.02.24 00:04:41 ::1 blxremote.php: (CMD:'upsync')(A0534D8E8DB6F418/data.edt.old => 2kB)(Run:0.596 msec)
19.02.24 00:04:42 ::1 blxremote.php: (CMD:'upsync')(DDC2FB99207A7E7E/data.edt => 2kB)(Run:0.5209 msec)
19.02.24 00:04:42 ::1 blxremote.php: (CMD:'upsync')(CFA091D23F3D0F27/data.edt => 2kB)(Run:1.1401 msec)
19.02.24 00:04:42 ::1 blxremote.php: (CMD:'upsync')(B421A86B9ADFCAC2/data.edt => 2kB)(Run:0.4809 msec)
19.02.24 00:18:06 ::1 blxremote.php: (CMD:'upsync')(A0534D8E8DB6F418/data.edt => 2kB)(Run:1.0328 msec)
19.02.24 00:18:06 ::1 blxremote.php: (CMD:'upsync')(A0534D8E8DB6F418/data.edt.old => 2kB)(Run:0.5641 msec)
19.02.24 00:18:07 ::1 blxremote.php: (CMD:'upsync')(DDC2FB99207A7E7E/data.edt => 2kB)(Run:0.721 msec)
19.02.24 00:18:07 ::1 blxremote.php: (CMD:'upsync')(CFA091D23F3D0F27/data.edt => 2kB)(Run:0.699 msec)
19.02.24 00:18:07 ::1 blxremote.php: (CMD:'upsync')(B421A86B9ADFCAC2/data.edt => 2kB)(Run:0.7141 msec)
19.02.24 00:18:23 ::1 blxremote.php: (CMD:'upsync')(A0534D8E8DB6F418/data.edt => 2kB)(Run:0.9382 msec)
19.02.24 00:18:23 ::1 blxremote.php: (CMD:'upsync')(A0534D8E8DB6F418/data.edt.old => 2kB)(Run:0.5069 msec)
19.02.24 00:18:23 ::1 blxremote.php: (CMD:'upsync')(DDC2FB99207A7E7E/data.edt => 2kB)(Run:0.782 msec)
19.02.24 00:18:23 ::1 blxremote.php: (CMD:'upsync')(CFA091D23F3D0F27/data.edt => 2kB)(Run:0.5929 msec)
19.02.24 00:18:23 ::1 blxremote.php: (CMD:'upsync')(B421A86B9ADFCAC2/data.edt => 2kB)(Run:0.5999 msec)
19.02.24 00:19:19 ::1 blxremote.php: (CMD:'upsync')(A0534D8E8DB6F418/data.edt => 2kB)(Run:0.983 msec)
19.02.24 00:19:19 ::1 blxremote.php: (CMD:'upsync')(A0534D8E8DB6F418/data.edt.old => 2kB)(Run:0.6089 msec)
19.02.24 00:19:19 ::1 blxremote.php: (CMD:'upsync')(DDC2FB99207A7E7E/data.edt => 2kB)(Run:0.747 msec)
19.02.24 00:19:19 ::1 blxremote.php: (CMD:'upsync')(CFA091D23F3D0F27/data.edt => 2kB)(Run:0.7269 msec)
19.02.24 00:19:19 ::1 blxremote.php: (CMD:'upsync')(B421A86B9ADFCAC2/data.edt => 2kB)(Run:0.6771 msec)
19.02.24 00:20:31 ::1 blxremote.php: (CMD:'upsync')(Gen Dir 'A0534D8E8DB6F418')(A0534D8E8DB6F418/data.edt => 2kB)(Run:1.4751 msec)
19.02.24 00:20:31 ::1 blxremote.php: (CMD:'upsync')(A0534D8E8DB6F418/data.edt.old => 2kB)(Run:0.526 msec)
19.02.24 00:20:31 ::1 blxremote.php: (CMD:'upsync')(Gen Dir 'DDC2FB99207A7E7E')(DDC2FB99207A7E7E/data.edt => 2kB)(Run:1.456 msec)
19.02.24 00:20:31 ::1 blxremote.php: (CMD:'upsync')(Gen Dir 'CFA091D23F3D0F27')(CFA091D23F3D0F27/data.edt => 2kB)(Run:1.0741 msec)
19.02.24 00:20:31 ::1 blxremote.php: (CMD:'upsync')(Gen Dir 'B421A86B9ADFCAC2')(B421A86B9ADFCAC2/data.edt => 2kB)(Run:1.03 msec)
19.02.24 00:21:34 ::1 blxremote.php: (CMD:'upsync')(A0534D8E8DB6F418/data.edt => 2kB)(Run:0.87 msec)
19.02.24 00:21:34 ::1 blxremote.php: (CMD:'upsync')(A0534D8E8DB6F418/data.edt.old => 2kB)(Run:0.5162 msec)
19.02.24 00:21:34 ::1 blxremote.php: (CMD:'upsync')(DDC2FB99207A7E7E/data.edt => 2kB)(Run:0.5999 msec)
19.02.24 00:21:34 ::1 blxremote.php: (CMD:'upsync')(CFA091D23F3D0F27/data.edt => 2kB)(Run:0.6049 msec)
19.02.24 00:21:34 ::1 blxremote.php: (CMD:'upsync')(B421A86B9ADFCAC2/data.edt => 2kB)(Run:0.6111 msec)
19.02.24 00:22:39 ::1 blxremote.php: (CMD:'upsync')(A0534D8E8DB6F418/data.edt => 2kB)(Run:0.891 msec)
19.02.24 00:22:39 ::1 blxremote.php: (CMD:'upsync')(A0534D8E8DB6F418/data.edt.old => 2kB)(Run:0.493 msec)
19.02.24 00:22:39 ::1 blxremote.php: (CMD:'upsync')(DDC2FB99207A7E7E/data.edt => 2kB)(Run:0.608 msec)
19.02.24 00:22:39 ::1 blxremote.php: (CMD:'upsync')(CFA091D23F3D0F27/data.edt => 2kB)(Run:0.6111 msec)
19.02.24 00:22:39 ::1 blxremote.php: (CMD:'upsync')(B421A86B9ADFCAC2/data.edt => 2kB)(Run:0.6211 msec)
19.02.24 00:24:15 ::1 blxremote.php: (CMD:'upsync')(A0534D8E8DB6F418/data.edt => 2kB)(Run:0.9072 msec)
19.02.24 00:24:15 ::1 blxremote.php: (CMD:'upsync')(A0534D8E8DB6F418/data.edt.old => 2kB)(Run:0.4981 msec)
19.02.24 00:24:15 ::1 blxremote.php: (CMD:'upsync')(DDC2FB99207A7E7E/data.edt => 2kB)(Run:0.582 msec)
19.02.24 00:24:15 ::1 blxremote.php: (CMD:'upsync')(CFA091D23F3D0F27/data.edt => 2kB)(Run:0.5929 msec)
19.02.24 00:24:15 ::1 blxremote.php: (CMD:'upsync')(B421A86B9ADFCAC2/data.edt => 2kB)(Run:1.0269 msec)
19.02.24 00:31:52 ::1 blxremote.php: (CMD:'upsync')(A0534D8E8DB6F418/data.edt => 2369.229kB)(Run:15.384 msec)
19.02.24 00:31:52 ::1 blxremote.php: (CMD:'upsync')(A0534D8E8DB6F418/data.edt.old => 4117.073kB)(Run:26.1989 msec)
19.02.24 00:31:52 ::1 blxremote.php: (CMD:'upsync')(DDC2FB99207A7E7E/data.edt => 10.43kB)(Run:0.67 msec)
19.02.24 00:31:52 ::1 blxremote.php: (CMD:'upsync')(CFA091D23F3D0F27/data.edt => 2014kB)(Run:0.6249 msec)
19.02.24 00:31:52 ::1 blxremote.php: (CMD:'upsync')(B421A86B9ADFCAC2/data.edt => 3604.496kB)(Run:22.1851 msec)
19.02.24 00:33:43 ::1 blxremote.php: (CMD:'upsync')(A0534D8E8DB6F418/data.edt => 2369.229kB)(Run:15.137 msec)
19.02.24 00:33:43 ::1 blxremote.php: (CMD:'upsync')(A0534D8E8DB6F418/data.edt.old => 4117.073kB)(Run:27.0801 msec)
19.02.24 00:33:43 ::1 blxremote.php: (CMD:'upsync')(DDC2FB99207A7E7E/data.edt => 10.43kB)(Run:0.685 msec)
19.02.24 00:33:43 ::1 blxremote.php: (CMD:'upsync')(CFA091D23F3D0F27/data.edt => 2014kB)(Run:0.6702 msec)
19.02.24 00:33:43 ::1 blxremote.php: (CMD:'upsync')(B421A86B9ADFCAC2/data.edt => 3604.496kB)(Run:23.18 msec)
19.02.24 00:34:01 ::1 blxremote.php: (CMD:'upsync')(A0534D8E8DB6F418/data.edt => 2369.229kB)(Run:16.016 msec)
19.02.24 00:34:01 ::1 blxremote.php: (CMD:'upsync')(A0534D8E8DB6F418/data.edt.old => 4117.073kB)(Run:27.1599 msec)
19.02.24 00:34:01 ::1 blxremote.php: (CMD:'upsync')(DDC2FB99207A7E7E/data.edt => 10.43kB)(Run:0.7539 msec)
19.02.24 00:34:01 ::1 blxremote.php: (CMD:'upsync')(CFA091D23F3D0F27/data.edt => 2014kB)(Run:0.783 msec)
19.02.24 00:34:01 ::1 blxremote.php: (CMD:'upsync')(B421A86B9ADFCAC2/data.edt => 3604.496kB)(Run:24.4999 msec)
19.02.24 00:38:02 ::1 blxremote.php: (CMD:'upsync')(A0534D8E8DB6F418/data.edt => 2369.229kB)(Run:15.228 msec)
19.02.24 00:38:02 ::1 blxremote.php: (CMD:'upsync')(A0534D8E8DB6F418/data.edt.old => 4117.073kB)(Run:27.174 msec)
19.02.24 00:38:02 ::1 blxremote.php: (CMD:'upsync')(DDC2FB99207A7E7E/data.edt => 10.43kB)(Run:0.7329 msec)
19.02.24 00:38:02 ::1 blxremote.php: (CMD:'upsync')(CFA091D23F3D0F27/data.edt => 2014kB)(Run:0.808 msec)
19.02.24 00:38:02 ::1 blxremote.php: (CMD:'upsync')(B421A86B9ADFCAC2/data.edt => 3604.496kB)(Run:24.3459 msec)
19.02.24 00:38:48 ::1 blxremote.php: (CMD:'upsync')(A0534D8E8DB6F418/data.edt => 2369.229kB)(Run:14.4031 msec)
19.02.24 00:38:48 ::1 blxremote.php: (CMD:'upsync')(A0534D8E8DB6F418/data.edt.old => 4117.073kB)(Run:31.6439 msec)
19.02.24 00:38:48 ::1 blxremote.php: (CMD:'upsync')(DDC2FB99207A7E7E/data.edt => 10.43kB)(Run:0.4971 msec)
19.02.24 00:38:48 ::1 blxremote.php: (CMD:'upsync')(CFA091D23F3D0F27/data.edt => 2014kB)(Run:0.6089 msec)
19.02.24 00:38:48 ::1 blxremote.php: (CMD:'upsync')(B421A86B9ADFCAC2/data.edt => 3604.496kB)(Run:28.949 msec)
19.02.24 00:39:15 ::1 blxremote.php: (CMD:'upsync')(A0534D8E8DB6F418/data.edt => 2369.229kB)(Run:14.4801 msec)
19.02.24 00:39:15 ::1 blxremote.php: (CMD:'upsync')(A0534D8E8DB6F418/data.edt.old => 4117.073kB)(Run:27.117 msec)
19.02.24 00:39:15 ::1 blxremote.php: (CMD:'upsync')(DDC2FB99207A7E7E/data.edt => 10.43kB)(Run:0.458 msec)
19.02.24 00:39:15 ::1 blxremote.php: (CMD:'upsync')(CFA091D23F3D0F27/data.edt => 2014kB)(Run:0.489 msec)
19.02.24 00:39:15 ::1 blxremote.php: (CMD:'upsync')(B421A86B9ADFCAC2/data.edt => 3604.496kB)(Run:23.56 msec)
19.02.24 00:40:24 ::1 blxremote.php: (CMD:'upsync')(A0534D8E8DB6F418/data.edt => 2369.229kB)(Run:15.219 msec)
19.02.24 00:40:24 ::1 blxremote.php: (CMD:'upsync')(A0534D8E8DB6F418/data.edt.old => 4117.073kB)(Run:27.2219 msec)
19.02.24 00:40:24 ::1 blxremote.php: (CMD:'upsync')(DDC2FB99207A7E7E/data.edt => 10.43kB)(Run:0.689 msec)
19.02.24 00:40:24 ::1 blxremote.php: (CMD:'upsync')(CFA091D23F3D0F27/data.edt => 2014kB)(Run:0.752 msec)
19.02.24 00:40:24 ::1 blxremote.php: (CMD:'upsync')(B421A86B9ADFCAC2/data.edt => 3604.496kB)(Run:24.255 msec)
19.02.24 00:40:39 ::1 blxremote.php: (CMD:'upsync')(A0534D8E8DB6F418/data.edt => 2369.229kB)(Run:15.137 msec)
19.02.24 00:40:40 ::1 blxremote.php: (CMD:'upsync')(A0534D8E8DB6F418/data.edt.old => 4117.073kB)(Run:30.7651 msec)
19.02.24 00:40:40 ::1 blxremote.php: (CMD:'upsync')(DDC2FB99207A7E7E/data.edt => 10.43kB)(Run:0.6649 msec)
19.02.24 00:40:40 ::1 blxremote.php: (CMD:'upsync')(CFA091D23F3D0F27/data.edt => 2014kB)(Run:0.654 msec)
19.02.24 00:40:40 ::1 blxremote.php: (CMD:'upsync')(B421A86B9ADFCAC2/data.edt => 3604.496kB)(Run:22.8379 msec)
19.02.24 00:40:42 ::1 blxremote.php: (CMD:'upsync')(A0534D8E8DB6F418/data.edt => 2369.229kB)(Run:15.105 msec)
19.02.24 00:40:42 ::1 blxremote.php: (CMD:'upsync')(A0534D8E8DB6F418/data.edt.old => 4117.073kB)(Run:27.818 msec)
19.02.24 00:40:42 ::1 blxremote.php: (CMD:'upsync')(DDC2FB99207A7E7E/data.edt => 10.43kB)(Run:0.5941 msec)
19.02.24 00:40:42 ::1 blxremote.php: (CMD:'upsync')(CFA091D23F3D0F27/data.edt => 2014kB)(Run:0.4411 msec)
19.02.24 00:40:42 ::1 blxremote.php: (CMD:'upsync')(B421A86B9ADFCAC2/data.edt => 3604.496kB)(Run:22.8329 msec)
19.02.24 00:40:55 ::1 blxremote.php: (CMD:'upsync')(A0534D8E8DB6F418/data.edt => 2369.229kB)(Run:15.1629 msec)
19.02.24 00:40:55 ::1 blxremote.php: (CMD:'upsync')(A0534D8E8DB6F418/data.edt.old => 4117.073kB)(Run:27.693 msec)
19.02.24 00:40:55 ::1 blxremote.php: (CMD:'upsync')(DDC2FB99207A7E7E/data.edt => 10.43kB)(Run:0.757 msec)
19.02.24 00:40:55 ::1 blxremote.php: (CMD:'upsync')(CFA091D23F3D0F27/data.edt => 2014kB)(Run:0.9739 msec)
19.02.24 00:40:55 ::1 blxremote.php: (CMD:'upsync')(B421A86B9ADFCAC2/data.edt => 3604.496kB)(Run:24.569 msec)
19.02.24 00:41:58 ::1 blxremote.php: (CMD:'upsync')(A0534D8E8DB6F418/data.edt => 2369.229kB)(Run:14.612 msec)
19.02.24 00:41:58 ::1 blxremote.php: (CMD:'upsync')(A0534D8E8DB6F418/data.edt.old => 4117.073kB)(Run:28.7158 msec)
19.02.24 00:41:58 ::1 blxremote.php: (CMD:'upsync')(DDC2FB99207A7E7E/data.edt => 10.43kB)(Run:0.4811 msec)
19.02.24 00:41:58 ::1 blxremote.php: (CMD:'upsync')(CFA091D23F3D0F27/data.edt => 2014kB)(Run:0.417 msec)
19.02.24 00:41:59 ::1 blxremote.php: (CMD:'upsync')(B421A86B9ADFCAC2/data.edt => 3604.496kB)(Run:23.8619 msec)
19.02.24 00:44:33 ::1 blxremote.php: (CMD:'upsync')(A0534D8E8DB6F418/data.edt => 2369.229kB)(Run:15.166 msec)
19.02.24 00:44:33 ::1 blxremote.php: (CMD:'upsync')(A0534D8E8DB6F418/data.edt.old => 4117.073kB)(Run:27.0209 msec)
19.02.24 00:44:33 ::1 blxremote.php: (CMD:'upsync')(DDC2FB99207A7E7E/data.edt => 10.43kB)(Run:0.711 msec)
19.02.24 00:44:33 ::1 blxremote.php: (CMD:'upsync')(CFA091D23F3D0F27/data.edt => 2014kB)(Run:0.6831 msec)
19.02.24 00:44:33 ::1 blxremote.php: (CMD:'upsync')(B421A86B9ADFCAC2/data.edt => 3604.496kB)(Run:26.161 msec)
19.02.24 00:50:31 ::1 blxremote.php: (CMD:'upsync')(A0534D8E8DB6F418/data.edt => 2369.229kB)(Run:15.5571 msec)
19.02.24 00:50:32 ::1 blxremote.php: (CMD:'upsync')(A0534D8E8DB6F418/data.edt.old => 4117.073kB)(Run:27.5381 msec)
19.02.24 00:50:32 ::1 blxremote.php: (CMD:'upsync')(DDC2FB99207A7E7E/data.edt => 10.43kB)(Run:0.833 msec)
19.02.24 00:50:32 ::1 blxremote.php: (CMD:'upsync')(CFA091D23F3D0F27/data.edt => 2014kB)(Run:0.7701 msec)
19.02.24 00:50:32 ::1 blxremote.php: (CMD:'upsync')(B421A86B9ADFCAC2/data.edt => 3604.496kB)(Run:23.041 msec)
19.02.24 00:56:16 ::1 blxremote.php: (CMD:'upsync')(A0534D8E8DB6F418/data.edt => 2369.229kB)(Run:14.9901 msec)
19.02.24 00:56:16 ::1 blxremote.php: (CMD:'upsync')(A0534D8E8DB6F418/data.edt.old => 4117.073kB)(Run:27.061 msec)
19.02.24 00:56:16 ::1 blxremote.php: (CMD:'upsync')(DDC2FB99207A7E7E/data.edt => 10.43kB)(Run:0.6881 msec)
19.02.24 00:56:16 ::1 blxremote.php: (CMD:'upsync')(CFA091D23F3D0F27/data.edt => 2014kB)(Run:0.639 msec)
19.02.24 00:56:16 ::1 blxremote.php: (CMD:'upsync')(B421A86B9ADFCAC2/data.edt => 3604.496kB)(Run:22.9471 msec)
19.02.24 00:56:27 ::1 blxremote.php: (CMD:'upsync')(A0534D8E8DB6F418/data.edt => 2369.229kB)(Run:14.5268 msec)
19.02.24 00:56:27 ::1 blxremote.php: (CMD:'upsync')(A0534D8E8DB6F418/data.edt.old => 4117.073kB)(Run:26.403 msec)
19.02.24 00:56:27 ::1 blxremote.php: (CMD:'upsync')(DDC2FB99207A7E7E/data.edt => 10.43kB)(Run:0.6101 msec)
19.02.24 00:56:27 ::1 blxremote.php: (CMD:'upsync')(CFA091D23F3D0F27/data.edt => 2014kB)(Run:0.3941 msec)
19.02.24 00:56:27 ::1 blxremote.php: (CMD:'upsync')(B421A86B9ADFCAC2/data.edt => 3604.496kB)(Run:22.7299 msec)
19.02.24 00:59:48 ::1 blxremote.php: (CMD:'upsync')(A0534D8E8DB6F418/data.edt => 2369.229kB)(Run:14.9391 msec)
19.02.24 00:59:49 ::1 blxremote.php: (CMD:'upsync')(A0534D8E8DB6F418/data.edt.old => 4117.073kB)(Run:27.2748 msec)
19.02.24 00:59:49 ::1 blxremote.php: (CMD:'upsync')(DDC2FB99207A7E7E/data.edt => 10.43kB)(Run:0.865 msec)
19.02.24 00:59:49 ::1 blxremote.php: (CMD:'upsync')(CFA091D23F3D0F27/data.edt => 2014kB)(Run:0.8399 msec)
19.02.24 00:59:49 ::1 blxremote.php: (CMD:'upsync')(B421A86B9ADFCAC2/data.edt => 3604.496kB)(Run:22.506 msec)
19.02.24 01:00:08 ::1 blxremote.php: (CMD:'upsync')(A0534D8E8DB6F418/data.edt => 2369.229kB)(Run:15.2769 msec)
19.02.24 01:00:08 ::1 blxremote.php: (CMD:'upsync')(A0534D8E8DB6F418/data.edt.old => 4117.073kB)(Run:27.694 msec)
19.02.24 01:00:08 ::1 blxremote.php: (CMD:'upsync')(DDC2FB99207A7E7E/data.edt => 10.43kB)(Run:0.72 msec)
19.02.24 01:00:08 ::1 blxremote.php: (CMD:'upsync')(CFA091D23F3D0F27/data.edt => 2014kB)(Run:0.607 msec)
19.02.24 01:00:08 ::1 blxremote.php: (CMD:'upsync')(B421A86B9ADFCAC2/data.edt => 3604.496kB)(Run:23.417 msec)
19.02.24 01:00:10 ::1 blxremote.php: (CMD:'upsync')(A0534D8E8DB6F418/data.edt => 2369.229kB)(Run:14.919 msec)
19.02.24 01:00:10 ::1 blxremote.php: (CMD:'upsync')(A0534D8E8DB6F418/data.edt.old => 4117.073kB)(Run:28.9812 msec)
19.02.24 01:00:10 ::1 blxremote.php: (CMD:'upsync')(DDC2FB99207A7E7E/data.edt => 10.43kB)(Run:0.4561 msec)
19.02.24 01:00:10 ::1 blxremote.php: (CMD:'upsync')(CFA091D23F3D0F27/data.edt => 2014kB)(Run:0.463 msec)
19.02.24 01:00:10 ::1 blxremote.php: (CMD:'upsync')(B421A86B9ADFCAC2/data.edt => 3604.496kB)(Run:22.655 msec)
19.02.24 01:00:11 ::1 blxremote.php: (CMD:'upsync')(A0534D8E8DB6F418/data.edt => 2369.229kB)(Run:14.5521 msec)
19.02.24 01:00:11 ::1 blxremote.php: (CMD:'upsync')(A0534D8E8DB6F418/data.edt.old => 4117.073kB)(Run:27.5059 msec)
19.02.24 01:00:11 ::1 blxremote.php: (CMD:'upsync')(DDC2FB99207A7E7E/data.edt => 10.43kB)(Run:0.4461 msec)
19.02.24 01:00:11 ::1 blxremote.php: (CMD:'upsync')(CFA091D23F3D0F27/data.edt => 2014kB)(Run:0.4151 msec)
19.02.24 01:00:12 ::1 blxremote.php: (CMD:'upsync')(B421A86B9ADFCAC2/data.edt => 3604.496kB)(Run:22.3911 msec)
19.02.24 01:00:13 ::1 blxremote.php: (CMD:'upsync')(A0534D8E8DB6F418/data.edt => 2369.229kB)(Run:14.6132 msec)
19.02.24 01:00:13 ::1 blxremote.php: (CMD:'upsync')(A0534D8E8DB6F418/data.edt.old => 4117.073kB)(Run:27.602 msec)
19.02.24 01:00:13 ::1 blxremote.php: (CMD:'upsync')(DDC2FB99207A7E7E/data.edt => 10.43kB)(Run:0.4771 msec)
19.02.24 01:00:13 ::1 blxremote.php: (CMD:'upsync')(CFA091D23F3D0F27/data.edt => 2014kB)(Run:0.3989 msec)
19.02.24 01:00:13 ::1 blxremote.php: (CMD:'upsync')(B421A86B9ADFCAC2/data.edt => 3604.496kB)(Run:22.2301 msec)
19.02.24 01:00:14 ::1 blxremote.php: (CMD:'upsync')(A0534D8E8DB6F418/data.edt => 2369.229kB)(Run:15.054 msec)
19.02.24 01:00:14 ::1 blxremote.php: (CMD:'upsync')(A0534D8E8DB6F418/data.edt.old => 4117.073kB)(Run:28.089 msec)
19.02.24 01:00:14 ::1 blxremote.php: (CMD:'upsync')(DDC2FB99207A7E7E/data.edt => 10.43kB)(Run:0.4489 msec)
19.02.24 01:00:14 ::1 blxremote.php: (CMD:'upsync')(CFA091D23F3D0F27/data.edt => 2014kB)(Run:0.4139 msec)
19.02.24 01:00:14 ::1 blxremote.php: (CMD:'upsync')(B421A86B9ADFCAC2/data.edt => 3604.496kB)(Run:22.191 msec)
19.02.24 01:00:15 ::1 blxremote.php: (CMD:'upsync')(A0534D8E8DB6F418/data.edt => 2369.229kB)(Run:15.3322 msec)
19.02.24 01:00:15 ::1 blxremote.php: (CMD:'upsync')(A0534D8E8DB6F418/data.edt.old => 4117.073kB)(Run:28.9149 msec)
19.02.24 01:00:15 ::1 blxremote.php: (CMD:'upsync')(DDC2FB99207A7E7E/data.edt => 10.43kB)(Run:0.4611 msec)
19.02.24 01:00:15 ::1 blxremote.php: (CMD:'upsync')(CFA091D23F3D0F27/data.edt => 2014kB)(Run:0.556 msec)
19.02.24 01:00:15 ::1 blxremote.php: (CMD:'upsync')(B421A86B9ADFCAC2/data.edt => 3604.496kB)(Run:22.8062 msec)
19.02.24 01:01:28 ::1 .
19.02.24 01:01:30 ::1 ./A0534D8E8DB6F418
19.02.24 01:01:48 ::1 ./DDC2FB99207A7E7E
19.02.24 01:01:58 ::1 ./CFA091D23F3D0F27
19.02.24 12:09:53 ::1 blxremote.php: (CMD:'upsync')(A0534D8E8DB6F418/data.edt => 2369.229kB)(Run:23.5932 msec)
19.02.24 12:09:53 ::1 blxremote.php: (CMD:'upsync')(A0534D8E8DB6F418/data.edt.old => 4117.073kB)(Run:28.1711 msec)
19.02.24 12:09:53 ::1 blxremote.php: (CMD:'upsync')(DDC2FB99207A7E7E/data.edt => 10.43kB)(Run:0.737 msec)
19.02.24 12:09:53 ::1 blxremote.php: (CMD:'upsync')(CFA091D23F3D0F27/data.edt => 2014kB)(Run:0.627 msec)
19.02.24 12:09:53 ::1 blxremote.php: (CMD:'upsync')(B421A86B9ADFCAC2/data.edt => 3604.496kB)(Run:23.3819 msec)
19.02.24 12:10:32 ::1 blxremote.php: (CMD:'upsync')(Gen Dir 'A0534D8E8DB6F418')(A0534D8E8DB6F418/data.edt => 2369.229kB)(Run:16.849 msec)
19.02.24 12:10:32 ::1 blxremote.php: (CMD:'upsync')(A0534D8E8DB6F418/data.edt.old => 4117.073kB)(Run:27.8902 msec)
19.02.24 12:10:32 ::1 blxremote.php: (CMD:'upsync')(Gen Dir 'DDC2FB99207A7E7E')(DDC2FB99207A7E7E/data.edt => 10.43kB)(Run:0.7749 msec)
19.02.24 12:10:32 ::1 blxremote.php: (CMD:'upsync')(Gen Dir 'CFA091D23F3D0F27')(CFA091D23F3D0F27/data.edt => 2014kB)(Run:0.6621 msec)
19.02.24 12:10:32 ::1 blxremote.php: (CMD:'upsync')(Gen Dir 'B421A86B9ADFCAC2')(B421A86B9ADFCAC2/data.edt => 3604.496kB)(Run:23.6201 msec)
19.02.24 12:13:20 ::1 blxremote.php: (CMD:'upsync')(Gen Dir 'A0534D8E8DB6F418')(A0534D8E8DB6F418/data.edt.json => 2369.229kB)(Run:17.0591 msec)
19.02.24 12:13:20 ::1 blxremote.php: (CMD:'upsync')(A0534D8E8DB6F418/data.edt.old.json => 4117.073kB)(Run:27.2241 msec)
19.02.24 12:13:20 ::1 blxremote.php: (CMD:'upsync')(Gen Dir 'DDC2FB99207A7E7E')(DDC2FB99207A7E7E/data.edt.json => 10.43kB)(Run:1.0989 msec)
19.02.24 12:13:20 ::1 blxremote.php: (CMD:'upsync')(Gen Dir 'CFA091D23F3D0F27')(CFA091D23F3D0F27/data.edt.json => 2014kB)(Run:1.323 msec)
19.02.24 12:13:20 ::1 blxremote.php: (CMD:'upsync')(Gen Dir 'B421A86B9ADFCAC2')(B421A86B9ADFCAC2/data.edt.json => 3604.496kB)(Run:24.3001 msec)
19.02.24 12:13:37 ::1 .
19.02.24 12:13:38 ::1 ./A0534D8E8DB6F418
19.02.24 12:13:44 ::1 ./B421A86B9ADFCAC2
19.02.24 12:13:47 ::1 ./CFA091D23F3D0F27
19.02.24 12:13:50 ::1 ./DDC2FB99207A7E7E
19.02.24 12:14:52 ::1 .
19.02.24 12:14:53 ::1 ./A0534D8E8DB6F418
19.02.24 12:23:27 ::1 ./A0534D8E8DB6F418
19.02.24 12:23:55 ::1 ./A0534D8E8DB6F418
19.02.24 12:24:10 ::1 .
19.02.24 12:24:12 ::1 ./DDC2FB99207A7E7E
19.02.24 12:28:59 ::1 blxremote.php: (CMD:'upsync')(Gen Dir 'A0534D8E8DB6F418')(A0534D8E8DB6F418/data.edt.json => 2369.284kB)(Run:16.9561 msec)
19.02.24 12:28:59 ::1 blxremote.php: (CMD:'upsync')(A0534D8E8DB6F418/data.edt.old.json => 4117.132kB)(Run:27.0391 msec)
19.02.24 12:28:59 ::1 blxremote.php: (CMD:'upsync')(A0534D8E8DB6F418/iparam.lxp.json => 365kB)(Run:0.6049 msec)
19.02.24 12:28:59 ::1 blxremote.php: (CMD:'upsync')(A0534D8E8DB6F418/sys_param.lxp.json => 214kB)(Run:0.6092 msec)
19.02.24 12:28:59 ::1 blxremote.php: (CMD:'upsync')(Gen Dir 'DDC2FB99207A7E7E')(DDC2FB99207A7E7E/data.edt.json => 10.484kB)(Run:1.1301 msec)
19.02.24 12:28:59 ::1 blxremote.php: (CMD:'upsync')(DDC2FB99207A7E7E/iparam.lxp.json => 725kB)(Run:0.5689 msec)
19.02.24 12:28:59 ::1 blxremote.php: (CMD:'upsync')(DDC2FB99207A7E7E/sys_param.lxp.json => 209kB)(Run:0.7079 msec)
19.02.24 12:28:59 ::1 blxremote.php: (CMD:'upsync')(Gen Dir 'CFA091D23F3D0F27')(CFA091D23F3D0F27/data.edt.json => 2070kB)(Run:1.2271 msec)
19.02.24 12:28:59 ::1 blxremote.php: (CMD:'upsync')(CFA091D23F3D0F27/iparam.lxp.json => 204kB)(Run:0.7498 msec)
19.02.24 12:28:59 ::1 blxremote.php: (CMD:'upsync')(CFA091D23F3D0F27/sys_param.lxp.json => 208kB)(Run:0.689 msec)
19.02.24 12:28:59 ::1 blxremote.php: (CMD:'upsync')(Gen Dir '1E21C8400C9A5024')(1E21C8400C9A5024/iparam.lxp.json => 275kB)(Run:1.1311 msec)
19.02.24 12:28:59 ::1 blxremote.php: (CMD:'upsync')(1E21C8400C9A5024/sys_param.lxp.json => 212kB)(Run:0.5941 msec)
19.02.24 12:28:59 ::1 blxremote.php: (CMD:'upsync')(Gen Dir 'E8CD68D31753F348')(E8CD68D31753F348/iparam.lxp.json => 275kB)(Run:1.132 msec)
19.02.24 12:28:59 ::1 blxremote.php: (CMD:'upsync')(E8CD68D31753F348/sys_param.lxp.json => 212kB)(Run:0.809 msec)
19.02.24 12:28:59 ::1 blxremote.php: (CMD:'upsync')(Gen Dir 'CA394D8622FC2C35')(CA394D8622FC2C35/iparam.lxp.json => 441kB)(Run:1.0719 msec)
19.02.24 12:28:59 ::1 blxremote.php: (CMD:'upsync')(CA394D8622FC2C35/sys_param.lxp.json => 208kB)(Run:0.602 msec)
19.02.24 12:28:59 ::1 blxremote.php: (CMD:'upsync')(Gen Dir 'D2CE2D322DD2FD86')(D2CE2D322DD2FD86/iparam.lxp.json => 360kB)(Run:1.076 msec)
19.02.24 12:28:59 ::1 blxremote.php: (CMD:'upsync')(D2CE2D322DD2FD86/sys_param.lxp.json => 211kB)(Run:0.7279 msec)
19.02.24 12:28:59 ::1 blxremote.php: (CMD:'upsync')(Gen Dir '4261639847DAEDCA')(4261639847DAEDCA/iparam.lxp.json => 275kB)(Run:1.107 msec)
19.02.24 12:28:59 ::1 blxremote.php: (CMD:'upsync')(4261639847DAEDCA/sys_param.lxp.json => 212kB)(Run:0.669 msec)
19.02.24 12:28:59 ::1 blxremote.php: (CMD:'upsync')(Gen Dir 'D51734FD53E248CD')(D51734FD53E248CD/iparam.lxp.json => 275kB)(Run:1.8911 msec)
19.02.24 12:28:59 ::1 blxremote.php: (CMD:'upsync')(D51734FD53E248CD/sys_param.lxp.json => 212kB)(Run:0.752 msec)
19.02.24 12:28:59 ::1 blxremote.php: (CMD:'upsync')(Gen Dir '7850BF3257DA70D7')(7850BF3257DA70D7/iparam.lxp.json => 275kB)(Run:1.2851 msec)
19.02.24 12:28:59 ::1 blxremote.php: (CMD:'upsync')(7850BF3257DA70D7/sys_param.lxp.json => 212kB)(Run:0.772 msec)
19.02.24 12:28:59 ::1 blxremote.php: (CMD:'upsync')(Gen Dir '938EC32D5AF3A645')(938EC32D5AF3A645/iparam.lxp.json => 364kB)(Run:1.241 msec)
19.02.24 12:28:59 ::1 blxremote.php: (CMD:'upsync')(938EC32D5AF3A645/sys_param.lxp.json => 243kB)(Run:0.819 msec)
19.02.24 12:28:59 ::1 blxremote.php: (CMD:'upsync')(Gen Dir '1BDFD75C66C8C2F2')(1BDFD75C66C8C2F2/iparam.lxp.json => 251kB)(Run:1.4 msec)
19.02.24 12:28:59 ::1 blxremote.php: (CMD:'upsync')(1BDFD75C66C8C2F2/sys_param.lxp.json => 192kB)(Run:0.639 msec)
19.02.24 12:28:59 ::1 blxremote.php: (CMD:'upsync')(Gen Dir '6F34BA76763CA031')(6F34BA76763CA031/iparam.lxp.json => 275kB)(Run:1.272 msec)
19.02.24 12:28:59 ::1 blxremote.php: (CMD:'upsync')(6F34BA76763CA031/sys_param.lxp.json => 212kB)(Run:0.8709 msec)
19.02.24 12:28:59 ::1 blxremote.php: (CMD:'upsync')(Gen Dir '50CBBF8B780A510D')(50CBBF8B780A510D/iparam.lxp.json => 275kB)(Run:1.157 msec)
19.02.24 12:28:59 ::1 blxremote.php: (CMD:'upsync')(50CBBF8B780A510D/sys_param.lxp.json => 212kB)(Run:0.7181 msec)
19.02.24 12:28:59 ::1 blxremote.php: (CMD:'upsync')(Gen Dir 'CF4703A294F8BB3F')(CF4703A294F8BB3F/iparam.lxp.json => 366kB)(Run:1.076 msec)
19.02.24 12:28:59 ::1 blxremote.php: (CMD:'upsync')(CF4703A294F8BB3F/sys_param.lxp.json => 211kB)(Run:0.7889 msec)
19.02.24 12:28:59 ::1 blxremote.php: (CMD:'upsync')(Gen Dir '78BFF32D9BAFF42B')(78BFF32D9BAFF42B/iparam.lxp.json => 360kB)(Run:1.363 msec)
19.02.24 12:28:59 ::1 blxremote.php: (CMD:'upsync')(78BFF32D9BAFF42B/sys_param.lxp.json => 211kB)(Run:0.8061 msec)
19.02.24 12:28:59 ::1 blxremote.php: (CMD:'upsync')(Gen Dir '854CA3E19BF5B834')(854CA3E19BF5B834/iparam.lxp.json => 275kB)(Run:1.4372 msec)
19.02.24 12:28:59 ::1 blxremote.php: (CMD:'upsync')(854CA3E19BF5B834/sys_param.lxp.json => 212kB)(Run:1.0409 msec)
19.02.24 12:28:59 ::1 blxremote.php: (CMD:'upsync')(Gen Dir 'C2263EADA7948D06')(C2263EADA7948D06/iparam.lxp.json => 369kB)(Run:1.4319 msec)
19.02.24 12:28:59 ::1 blxremote.php: (CMD:'upsync')(C2263EADA7948D06/sys_param.lxp.json => 207kB)(Run:0.756 msec)
19.02.24 12:28:59 ::1 blxremote.php: (CMD:'upsync')(Gen Dir '6E576901BE4A32FC')(6E576901BE4A32FC/iparam.lxp.json => 275kB)(Run:1.121 msec)
19.02.24 12:28:59 ::1 blxremote.php: (CMD:'upsync')(6E576901BE4A32FC/sys_param.lxp.json => 215kB)(Run:0.8531 msec)
19.02.24 12:28:59 ::1 blxremote.php: (CMD:'upsync')(Gen Dir '4CB8F0F5CD7AE556')(4CB8F0F5CD7AE556/iparam.lxp.json => 275kB)(Run:1.436 msec)
19.02.24 12:28:59 ::1 blxremote.php: (CMD:'upsync')(4CB8F0F5CD7AE556/sys_param.lxp.json => 212kB)(Run:0.6301 msec)
19.02.24 12:28:59 ::1 blxremote.php: (CMD:'upsync')(Gen Dir 'F7D1BA85D983D92D')(F7D1BA85D983D92D/iparam.lxp.json => 275kB)(Run:1.4691 msec)
19.02.24 12:28:59 ::1 blxremote.php: (CMD:'upsync')(F7D1BA85D983D92D/sys_param.lxp.json => 212kB)(Run:0.9668 msec)
19.02.24 12:28:59 ::1 blxremote.php: (CMD:'upsync')(Gen Dir 'AE5660ACDED9FBCF')(AE5660ACDED9FBCF/iparam.lxp.json => 360kB)(Run:1.59 msec)
19.02.24 12:28:59 ::1 blxremote.php: (CMD:'upsync')(AE5660ACDED9FBCF/sys_param.lxp.json => 211kB)(Run:1.1311 msec)
19.02.24 12:28:59 ::1 blxremote.php: (CMD:'upsync')(Gen Dir '51784981E8743154')(51784981E8743154/iparam.lxp.json => 275kB)(Run:1.615 msec)
19.02.24 12:28:59 ::1 blxremote.php: (CMD:'upsync')(51784981E8743154/sys_param.lxp.json => 212kB)(Run:0.623 msec)
19.02.24 12:28:59 ::1 blxremote.php: (CMD:'upsync')(Gen Dir '26FEA299F444F836')(26FEA299F444F836/iparam.lxp.json => 526kB)(Run:1.7009 msec)
19.02.24 12:28:59 ::1 blxremote.php: (CMD:'upsync')(26FEA299F444F836/sys_param.lxp.json => 230kB)(Run:0.778 msec)
19.02.24 12:28:59 ::1 blxremote.php: (CMD:'upsync')(Gen Dir '59019BFCF8CA9053')(59019BFCF8CA9053/iparam.lxp.json => 275kB)(Run:1.5771 msec)
19.02.24 12:28:59 ::1 blxremote.php: (CMD:'upsync')(59019BFCF8CA9053/sys_param.lxp.json => 212kB)(Run:0.9649 msec)
19.02.24 12:29:00 ::1 blxremote.php: (CMD:'upsync')(Gen Dir 'B421A86B9ADFCAC2')(B421A86B9ADFCAC2/data.edt.json => 3604.551kB)(Run:27.612 msec)
19.02.24 12:29:00 ::1 blxremote.php: (CMD:'upsync')(B421A86B9ADFCAC2/iparam.lxp.json => 365kB)(Run:0.5648 msec)
19.02.24 12:29:00 ::1 blxremote.php: (CMD:'upsync')(B421A86B9ADFCAC2/sys_param.lxp.json => 214kB)(Run:0.8268 msec)
19.02.24 12:39:40 ::1 blxremote.php: (CMD:'upsync')(Gen Dir 'syncdata')(Gen Dir '...A0534D8E8DB6F418')(A0534D8E8DB6F418/data.edt.json => 2369.284kB)(Run:17.2641 msec)
19.02.24 12:39:40 ::1 blxremote.php: (CMD:'upsync')(A0534D8E8DB6F418/data.edt.old.json => 4117.132kB)(Run:26.6581 msec)
19.02.24 12:39:40 ::1 blxremote.php: (CMD:'upsync')(A0534D8E8DB6F418/iparam.lxp.json => 365kB)(Run:0.7131 msec)
19.02.24 12:39:40 ::1 blxremote.php: (CMD:'upsync')(A0534D8E8DB6F418/sys_param.lxp.json => 214kB)(Run:0.6671 msec)
19.02.24 12:39:40 ::1 blxremote.php: (CMD:'upsync')(Gen Dir '...DDC2FB99207A7E7E')(DDC2FB99207A7E7E/data.edt.json => 10.484kB)(Run:1.158 msec)
19.02.24 12:39:40 ::1 blxremote.php: (CMD:'upsync')(DDC2FB99207A7E7E/iparam.lxp.json => 725kB)(Run:0.952 msec)
19.02.24 12:39:40 ::1 blxremote.php: (CMD:'upsync')(DDC2FB99207A7E7E/sys_param.lxp.json => 209kB)(Run:0.8759 msec)
19.02.24 12:39:40 ::1 blxremote.php: (CMD:'upsync')(Gen Dir '...CFA091D23F3D0F27')(CFA091D23F3D0F27/data.edt.json => 2070kB)(Run:1.472 msec)
19.02.24 12:39:40 ::1 blxremote.php: (CMD:'upsync')(CFA091D23F3D0F27/iparam.lxp.json => 204kB)(Run:0.612 msec)
19.02.24 12:39:40 ::1 blxremote.php: (CMD:'upsync')(CFA091D23F3D0F27/sys_param.lxp.json => 208kB)(Run:0.948 msec)
19.02.24 12:39:40 ::1 blxremote.php: (CMD:'upsync')(Gen Dir '...1E21C8400C9A5024')(1E21C8400C9A5024/iparam.lxp.json => 275kB)(Run:1.493 msec)
19.02.24 12:39:40 ::1 blxremote.php: (CMD:'upsync')(1E21C8400C9A5024/sys_param.lxp.json => 212kB)(Run:0.8559 msec)
19.02.24 12:39:40 ::1 blxremote.php: (CMD:'upsync')(Gen Dir '...E8CD68D31753F348')(E8CD68D31753F348/iparam.lxp.json => 275kB)(Run:1.4398 msec)
19.02.24 12:39:40 ::1 blxremote.php: (CMD:'upsync')(E8CD68D31753F348/sys_param.lxp.json => 212kB)(Run:0.7949 msec)
19.02.24 12:39:40 ::1 blxremote.php: (CMD:'upsync')(Gen Dir '...CA394D8622FC2C35')(CA394D8622FC2C35/iparam.lxp.json => 441kB)(Run:1.4071 msec)
19.02.24 12:39:40 ::1 blxremote.php: (CMD:'upsync')(CA394D8622FC2C35/sys_param.lxp.json => 208kB)(Run:0.8221 msec)
19.02.24 12:39:40 ::1 blxremote.php: (CMD:'upsync')(Gen Dir '...D2CE2D322DD2FD86')(D2CE2D322DD2FD86/iparam.lxp.json => 360kB)(Run:1.476 msec)
19.02.24 12:39:40 ::1 blxremote.php: (CMD:'upsync')(D2CE2D322DD2FD86/sys_param.lxp.json => 211kB)(Run:0.752 msec)
19.02.24 12:39:40 ::1 blxremote.php: (CMD:'upsync')(Gen Dir '...4261639847DAEDCA')(4261639847DAEDCA/iparam.lxp.json => 275kB)(Run:1.3041 msec)
19.02.24 12:39:40 ::1 blxremote.php: (CMD:'upsync')(4261639847DAEDCA/sys_param.lxp.json => 212kB)(Run:0.6251 msec)
19.02.24 12:39:40 ::1 blxremote.php: (CMD:'upsync')(Gen Dir '...D51734FD53E248CD')(D51734FD53E248CD/iparam.lxp.json => 275kB)(Run:1.7312 msec)
19.02.24 12:39:40 ::1 blxremote.php: (CMD:'upsync')(D51734FD53E248CD/sys_param.lxp.json => 212kB)(Run:0.6011 msec)
19.02.24 12:39:40 ::1 blxremote.php: (CMD:'upsync')(Gen Dir '...7850BF3257DA70D7')(7850BF3257DA70D7/iparam.lxp.json => 275kB)(Run:1.5249 msec)
19.02.24 12:39:40 ::1 blxremote.php: (CMD:'upsync')(7850BF3257DA70D7/sys_param.lxp.json => 212kB)(Run:0.658 msec)
19.02.24 12:39:40 ::1 blxremote.php: (CMD:'upsync')(Gen Dir '...938EC32D5AF3A645')(938EC32D5AF3A645/iparam.lxp.json => 364kB)(Run:1.3459 msec)
19.02.24 12:39:40 ::1 blxremote.php: (CMD:'upsync')(938EC32D5AF3A645/sys_param.lxp.json => 243kB)(Run:0.596 msec)
19.02.24 12:39:40 ::1 blxremote.php: (CMD:'upsync')(Gen Dir '...1BDFD75C66C8C2F2')(1BDFD75C66C8C2F2/iparam.lxp.json => 251kB)(Run:1.4291 msec)
19.02.24 12:39:40 ::1 blxremote.php: (CMD:'upsync')(1BDFD75C66C8C2F2/sys_param.lxp.json => 192kB)(Run:0.7911 msec)
19.02.24 12:39:40 ::1 blxremote.php: (CMD:'upsync')(Gen Dir '...6F34BA76763CA031')(6F34BA76763CA031/iparam.lxp.json => 275kB)(Run:1.1542 msec)
19.02.24 12:39:40 ::1 blxremote.php: (CMD:'upsync')(6F34BA76763CA031/sys_param.lxp.json => 212kB)(Run:0.7269 msec)
19.02.24 12:39:40 ::1 blxremote.php: (CMD:'upsync')(Gen Dir '...50CBBF8B780A510D')(50CBBF8B780A510D/iparam.lxp.json => 275kB)(Run:1.231 msec)
19.02.24 12:39:40 ::1 blxremote.php: (CMD:'upsync')(50CBBF8B780A510D/sys_param.lxp.json => 212kB)(Run:0.839 msec)
19.02.24 12:39:40 ::1 blxremote.php: (CMD:'upsync')(Gen Dir '...CF4703A294F8BB3F')(CF4703A294F8BB3F/iparam.lxp.json => 366kB)(Run:1.375 msec)
19.02.24 12:39:40 ::1 blxremote.php: (CMD:'upsync')(CF4703A294F8BB3F/sys_param.lxp.json => 211kB)(Run:0.814 msec)
19.02.24 12:39:40 ::1 blxremote.php: (CMD:'upsync')(Gen Dir '...78BFF32D9BAFF42B')(78BFF32D9BAFF42B/iparam.lxp.json => 360kB)(Run:1.143 msec)
19.02.24 12:39:40 ::1 blxremote.php: (CMD:'upsync')(78BFF32D9BAFF42B/sys_param.lxp.json => 211kB)(Run:0.7319 msec)
19.02.24 12:39:40 ::1 blxremote.php: (CMD:'upsync')(Gen Dir '...854CA3E19BF5B834')(854CA3E19BF5B834/iparam.lxp.json => 275kB)(Run:1.1561 msec)
19.02.24 12:39:40 ::1 blxremote.php: (CMD:'upsync')(854CA3E19BF5B834/sys_param.lxp.json => 212kB)(Run:0.7179 msec)
19.02.24 12:39:40 ::1 blxremote.php: (CMD:'upsync')(Gen Dir '...C2263EADA7948D06')(C2263EADA7948D06/iparam.lxp.json => 369kB)(Run:1.3561 msec)
19.02.24 12:39:40 ::1 blxremote.php: (CMD:'upsync')(C2263EADA7948D06/sys_param.lxp.json => 207kB)(Run:0.675 msec)
19.02.24 12:39:40 ::1 blxremote.php: (CMD:'upsync')(Gen Dir '...6E576901BE4A32FC')(6E576901BE4A32FC/iparam.lxp.json => 275kB)(Run:1.2262 msec)
19.02.24 12:39:40 ::1 blxremote.php: (CMD:'upsync')(6E576901BE4A32FC/sys_param.lxp.json => 215kB)(Run:0.6418 msec)
19.02.24 12:39:40 ::1 blxremote.php: (CMD:'upsync')(Gen Dir '...4CB8F0F5CD7AE556')(4CB8F0F5CD7AE556/iparam.lxp.json => 275kB)(Run:1.265 msec)
19.02.24 12:39:40 ::1 blxremote.php: (CMD:'upsync')(4CB8F0F5CD7AE556/sys_param.lxp.json => 212kB)(Run:0.6621 msec)
19.02.24 12:39:40 ::1 blxremote.php: (CMD:'upsync')(Gen Dir '...F7D1BA85D983D92D')(F7D1BA85D983D92D/iparam.lxp.json => 275kB)(Run:1.291 msec)
19.02.24 12:39:40 ::1 blxremote.php: (CMD:'upsync')(F7D1BA85D983D92D/sys_param.lxp.json => 212kB)(Run:0.6771 msec)
19.02.24 12:39:40 ::1 blxremote.php: (CMD:'upsync')(Gen Dir '...AE5660ACDED9FBCF')(AE5660ACDED9FBCF/iparam.lxp.json => 360kB)(Run:1.3709 msec)
19.02.24 12:39:40 ::1 blxremote.php: (CMD:'upsync')(AE5660ACDED9FBCF/sys_param.lxp.json => 211kB)(Run:0.653 msec)
19.02.24 12:39:40 ::1 blxremote.php: (CMD:'upsync')(Gen Dir '...51784981E8743154')(51784981E8743154/iparam.lxp.json => 275kB)(Run:1.163 msec)
19.02.24 12:39:40 ::1 blxremote.php: (CMD:'upsync')(51784981E8743154/sys_param.lxp.json => 212kB)(Run:0.7119 msec)
19.02.24 12:39:40 ::1 blxremote.php: (CMD:'upsync')(Gen Dir '...26FEA299F444F836')(26FEA299F444F836/iparam.lxp.json => 526kB)(Run:1.9231 msec)
19.02.24 12:39:40 ::1 blxremote.php: (CMD:'upsync')(26FEA299F444F836/sys_param.lxp.json => 230kB)(Run:1.05 msec)
19.02.24 12:39:40 ::1 blxremote.php: (CMD:'upsync')(Gen Dir '...59019BFCF8CA9053')(59019BFCF8CA9053/iparam.lxp.json => 275kB)(Run:2.373 msec)
19.02.24 12:39:40 ::1 blxremote.php: (CMD:'upsync')(59019BFCF8CA9053/sys_param.lxp.json => 212kB)(Run:1.421 msec)
19.02.24 12:39:40 ::1 blxremote.php: (CMD:'upsync')(Gen Dir '...B421A86B9ADFCAC2')(B421A86B9ADFCAC2/data.edt.json => 3604.551kB)(Run:23.7751 msec)
19.02.24 12:39:40 ::1 blxremote.php: (CMD:'upsync')(B421A86B9ADFCAC2/iparam.lxp.json => 365kB)(Run:0.6189 msec)
19.02.24 12:39:40 ::1 blxremote.php: (CMD:'upsync')(B421A86B9ADFCAC2/sys_param.lxp.json => 214kB)(Run:0.8669 msec)
19.02.24 13:57:19 ::1 blxremote.php: (CMD:'upsync')(A0534D8E8DB6F418/data.edt.json => 2369.284kB)(Run:16.0191 msec)
19.02.24 13:57:19 ::1 blxremote.php: (CMD:'upsync')(A0534D8E8DB6F418/data.edt.old.json => 4117.132kB)(Run:28.131 msec)
19.02.24 13:57:19 ::1 blxremote.php: (CMD:'upsync')(A0534D8E8DB6F418/iparam.lxp.json => 365kB)(Run:0.608 msec)
19.02.24 13:57:19 ::1 blxremote.php: (CMD:'upsync')(A0534D8E8DB6F418/sys_param.lxp.json => 214kB)(Run:0.525 msec)
19.02.24 13:57:19 ::1 blxremote.php: (CMD:'upsync')(DDC2FB99207A7E7E/data.edt.json => 10.484kB)(Run:0.6959 msec)
19.02.24 13:57:19 ::1 blxremote.php: (CMD:'upsync')(DDC2FB99207A7E7E/iparam.lxp.json => 725kB)(Run:0.571 msec)
19.02.24 13:57:19 ::1 blxremote.php: (CMD:'upsync')(DDC2FB99207A7E7E/sys_param.lxp.json => 209kB)(Run:0.5171 msec)
19.02.24 13:57:19 ::1 blxremote.php: (CMD:'upsync')(CFA091D23F3D0F27/data.edt.json => 2070kB)(Run:0.6599 msec)
19.02.24 13:57:19 ::1 blxremote.php: (CMD:'upsync')(CFA091D23F3D0F27/iparam.lxp.json => 204kB)(Run:0.5171 msec)
19.02.24 13:57:19 ::1 blxremote.php: (CMD:'upsync')(CFA091D23F3D0F27/sys_param.lxp.json => 208kB)(Run:0.622 msec)
19.02.24 13:57:19 ::1 blxremote.php: (CMD:'upsync')(1E21C8400C9A5024/iparam.lxp.json => 275kB)(Run:0.6759 msec)
19.02.24 13:57:19 ::1 blxremote.php: (CMD:'upsync')(1E21C8400C9A5024/sys_param.lxp.json => 212kB)(Run:0.5131 msec)
19.02.24 13:57:19 ::1 blxremote.php: (CMD:'upsync')(E8CD68D31753F348/iparam.lxp.json => 275kB)(Run:0.628 msec)
19.02.24 13:57:19 ::1 blxremote.php: (CMD:'upsync')(E8CD68D31753F348/sys_param.lxp.json => 212kB)(Run:0.5209 msec)
19.02.24 13:57:19 ::1 blxremote.php: (CMD:'upsync')(CA394D8622FC2C35/iparam.lxp.json => 441kB)(Run:0.6361 msec)
19.02.24 13:57:19 ::1 blxremote.php: (CMD:'upsync')(CA394D8622FC2C35/sys_param.lxp.json => 208kB)(Run:0.525 msec)
19.02.24 13:57:19 ::1 blxremote.php: (CMD:'upsync')(D2CE2D322DD2FD86/iparam.lxp.json => 360kB)(Run:0.6418 msec)
19.02.24 13:57:19 ::1 blxremote.php: (CMD:'upsync')(D2CE2D322DD2FD86/sys_param.lxp.json => 211kB)(Run:0.5219 msec)
19.02.24 13:57:19 ::1 blxremote.php: (CMD:'upsync')(4261639847DAEDCA/iparam.lxp.json => 275kB)(Run:0.6361 msec)
19.02.24 13:57:19 ::1 blxremote.php: (CMD:'upsync')(4261639847DAEDCA/sys_param.lxp.json => 212kB)(Run:0.524 msec)
19.02.24 13:57:19 ::1 blxremote.php: (CMD:'upsync')(D51734FD53E248CD/iparam.lxp.json => 275kB)(Run:0.6239 msec)
19.02.24 13:57:19 ::1 blxremote.php: (CMD:'upsync')(D51734FD53E248CD/sys_param.lxp.json => 212kB)(Run:0.514 msec)
19.02.24 13:57:19 ::1 blxremote.php: (CMD:'upsync')(7850BF3257DA70D7/iparam.lxp.json => 275kB)(Run:0.6649 msec)
19.02.24 13:57:19 ::1 blxremote.php: (CMD:'upsync')(7850BF3257DA70D7/sys_param.lxp.json => 212kB)(Run:0.5171 msec)
19.02.24 13:57:19 ::1 blxremote.php: (CMD:'upsync')(938EC32D5AF3A645/iparam.lxp.json => 364kB)(Run:0.639 msec)
19.02.24 13:57:19 ::1 blxremote.php: (CMD:'upsync')(938EC32D5AF3A645/sys_param.lxp.json => 243kB)(Run:0.509 msec)
19.02.24 13:57:19 ::1 blxremote.php: (CMD:'upsync')(1BDFD75C66C8C2F2/iparam.lxp.json => 251kB)(Run:0.6368 msec)
19.02.24 13:57:19 ::1 blxremote.php: (CMD:'upsync')(1BDFD75C66C8C2F2/sys_param.lxp.json => 192kB)(Run:0.55 msec)
19.02.24 13:57:19 ::1 blxremote.php: (CMD:'upsync')(6F34BA76763CA031/iparam.lxp.json => 275kB)(Run:0.618 msec)
19.02.24 13:57:19 ::1 blxremote.php: (CMD:'upsync')(6F34BA76763CA031/sys_param.lxp.json => 212kB)(Run:0.5131 msec)
19.02.24 13:57:19 ::1 blxremote.php: (CMD:'upsync')(50CBBF8B780A510D/iparam.lxp.json => 275kB)(Run:0.6349 msec)
19.02.24 13:57:20 ::1 blxremote.php: (CMD:'upsync')(50CBBF8B780A510D/sys_param.lxp.json => 212kB)(Run:0.505 msec)
19.02.24 13:57:20 ::1 blxremote.php: (CMD:'upsync')(CF4703A294F8BB3F/iparam.lxp.json => 366kB)(Run:0.634 msec)
19.02.24 13:57:20 ::1 blxremote.php: (CMD:'upsync')(CF4703A294F8BB3F/sys_param.lxp.json => 211kB)(Run:0.5209 msec)
19.02.24 13:57:20 ::1 blxremote.php: (CMD:'upsync')(78BFF32D9BAFF42B/iparam.lxp.json => 360kB)(Run:0.633 msec)
19.02.24 13:57:20 ::1 blxremote.php: (CMD:'upsync')(78BFF32D9BAFF42B/sys_param.lxp.json => 211kB)(Run:0.541 msec)
19.02.24 13:57:20 ::1 blxremote.php: (CMD:'upsync')(854CA3E19BF5B834/iparam.lxp.json => 275kB)(Run:0.632 msec)
19.02.24 13:57:20 ::1 blxremote.php: (CMD:'upsync')(854CA3E19BF5B834/sys_param.lxp.json => 212kB)(Run:0.55 msec)
19.02.24 13:57:20 ::1 blxremote.php: (CMD:'upsync')(C2263EADA7948D06/iparam.lxp.json => 369kB)(Run:0.644 msec)
19.02.24 13:57:20 ::1 blxremote.php: (CMD:'upsync')(C2263EADA7948D06/sys_param.lxp.json => 207kB)(Run:0.5112 msec)
19.02.24 13:57:20 ::1 blxremote.php: (CMD:'upsync')(6E576901BE4A32FC/iparam.lxp.json => 275kB)(Run:0.6359 msec)
19.02.24 13:57:20 ::1 blxremote.php: (CMD:'upsync')(6E576901BE4A32FC/sys_param.lxp.json => 215kB)(Run:0.5 msec)
19.02.24 13:57:20 ::1 blxremote.php: (CMD:'upsync')(4CB8F0F5CD7AE556/iparam.lxp.json => 275kB)(Run:0.6149 msec)
19.02.24 13:57:20 ::1 blxremote.php: (CMD:'upsync')(4CB8F0F5CD7AE556/sys_param.lxp.json => 212kB)(Run:0.5081 msec)
19.02.24 13:57:20 ::1 blxremote.php: (CMD:'upsync')(F7D1BA85D983D92D/iparam.lxp.json => 275kB)(Run:0.7041 msec)
19.02.24 13:57:20 ::1 blxremote.php: (CMD:'upsync')(F7D1BA85D983D92D/sys_param.lxp.json => 212kB)(Run:0.5481 msec)
19.02.24 13:57:20 ::1 blxremote.php: (CMD:'upsync')(AE5660ACDED9FBCF/iparam.lxp.json => 360kB)(Run:0.6971 msec)
19.02.24 13:57:20 ::1 blxremote.php: (CMD:'upsync')(AE5660ACDED9FBCF/sys_param.lxp.json => 211kB)(Run:0.6289 msec)
19.02.24 13:57:20 ::1 blxremote.php: (CMD:'upsync')(51784981E8743154/iparam.lxp.json => 275kB)(Run:0.6418 msec)
19.02.24 13:57:20 ::1 blxremote.php: (CMD:'upsync')(51784981E8743154/sys_param.lxp.json => 212kB)(Run:0.5879 msec)
19.02.24 13:57:20 ::1 blxremote.php: (CMD:'upsync')(26FEA299F444F836/iparam.lxp.json => 526kB)(Run:0.6361 msec)
19.02.24 13:57:20 ::1 blxremote.php: (CMD:'upsync')(26FEA299F444F836/sys_param.lxp.json => 230kB)(Run:0.524 msec)
19.02.24 13:57:20 ::1 blxremote.php: (CMD:'upsync')(59019BFCF8CA9053/iparam.lxp.json => 275kB)(Run:0.649 msec)
19.02.24 13:57:20 ::1 blxremote.php: (CMD:'upsync')(59019BFCF8CA9053/sys_param.lxp.json => 212kB)(Run:0.5331 msec)
19.02.24 13:57:20 ::1 blxremote.php: (CMD:'upsync')(B421A86B9ADFCAC2/data.edt.json => 3604.551kB)(Run:23.6988 msec)
19.02.24 13:57:20 ::1 blxremote.php: (CMD:'upsync')(B421A86B9ADFCAC2/iparam.lxp.json => 365kB)(Run:0.524 msec)
19.02.24 13:57:20 ::1 blxremote.php: (CMD:'upsync')(B421A86B9ADFCAC2/sys_param.lxp.json => 214kB)(Run:0.5419 msec)
20.02.24 00:37:09 ::1 blxremote.php: (CMD:'upsync')(DDC2FB99207A7E7E/data.edt.json => 26.654kB)(Run:8.203 msec)
20.02.24 00:37:09 ::1 blxremote.php: (CMD:'upsync')(DDC2FB99207A7E7E/iparam.lxp.json => 725kB)(Run:1.41 msec)
20.02.24 00:37:09 ::1 blxremote.php: (CMD:'upsync')(DDC2FB99207A7E7E/sys_param.lxp.json => 209kB)(Run:0.7 msec)
20.02.24 00:37:09 ::1 blxremote.php: (CMD:'upsync')(B421A86B9ADFCAC2/iparam.lxp.json => 269kB)(Run:0.9031 msec)
20.02.24 00:42:07 ::1 blxremote.php: (CMD:'upsync')(DDC2FB99207A7E7E/data.edt.json => 28.691kB)(Run:1.1539 msec)
20.02.24 00:51:56 ::1 blxremote.php: (CMD:'upsync')(A0534D8E8DB6F418/data.edt.json => 2369.284kB)(Run:15.2371 msec)
20.02.24 00:51:56 ::1 blxremote.php: (CMD:'upsync')(A0534D8E8DB6F418/data.edt.old.json => 4117.132kB)(Run:26.7739 msec)
20.02.24 00:51:56 ::1 blxremote.php: (CMD:'upsync')(A0534D8E8DB6F418/iparam.lxp.json => 365kB)(Run:0.809 msec)
20.02.24 00:51:56 ::1 blxremote.php: (CMD:'upsync')(A0534D8E8DB6F418/sys_param.lxp.json => 214kB)(Run:0.643 msec)
20.02.24 00:51:57 ::1 blxremote.php: (CMD:'upsync')(A0534D8E8DB6F418/xtract.edt.json => 6486.357kB)(Run:41.003 msec)
20.02.24 00:51:57 ::1 blxremote.php: (CMD:'upsync')(DDC2FB99207A7E7E/data.edt.json => 28.691kB)(Run:0.834 msec)
20.02.24 00:51:57 ::1 blxremote.php: (CMD:'upsync')(DDC2FB99207A7E7E/iparam.lxp.json => 725kB)(Run:0.54 msec)
20.02.24 00:51:57 ::1 blxremote.php: (CMD:'upsync')(DDC2FB99207A7E7E/sys_param.lxp.json => 209kB)(Run:0.618 msec)
20.02.24 00:51:57 ::1 blxremote.php: (CMD:'upsync')(DDC2FB99207A7E7E/xtract.edt.json => 28.693kB)(Run:0.809 msec)
20.02.24 00:51:57 ::1 blxremote.php: (CMD:'upsync')(CFA091D23F3D0F27/data.edt.json => 2070kB)(Run:0.7451 msec)
20.02.24 00:51:57 ::1 blxremote.php: (CMD:'upsync')(CFA091D23F3D0F27/iparam.lxp.json => 204kB)(Run:0.8631 msec)
20.02.24 00:51:57 ::1 blxremote.php: (CMD:'upsync')(CFA091D23F3D0F27/sys_param.lxp.json => 208kB)(Run:1.286 msec)
20.02.24 00:51:57 ::1 blxremote.php: (CMD:'upsync')(CFA091D23F3D0F27/xtract.edt.json => 2072kB)(Run:0.632 msec)
20.02.24 00:51:57 ::1 blxremote.php: (CMD:'upsync')(1E21C8400C9A5024/iparam.lxp.json => 275kB)(Run:0.9561 msec)
20.02.24 00:51:57 ::1 blxremote.php: (CMD:'upsync')(1E21C8400C9A5024/sys_param.lxp.json => 212kB)(Run:0.782 msec)
20.02.24 00:51:57 ::1 blxremote.php: (CMD:'upsync')(E8CD68D31753F348/iparam.lxp.json => 275kB)(Run:0.921 msec)
20.02.24 00:51:57 ::1 blxremote.php: (CMD:'upsync')(E8CD68D31753F348/sys_param.lxp.json => 212kB)(Run:0.6061 msec)
20.02.24 00:51:57 ::1 blxremote.php: (CMD:'upsync')(CA394D8622FC2C35/iparam.lxp.json => 441kB)(Run:0.9501 msec)
20.02.24 00:51:57 ::1 blxremote.php: (CMD:'upsync')(CA394D8622FC2C35/sys_param.lxp.json => 208kB)(Run:0.7479 msec)
20.02.24 00:51:57 ::1 blxremote.php: (CMD:'upsync')(D2CE2D322DD2FD86/iparam.lxp.json => 360kB)(Run:0.9189 msec)
20.02.24 00:51:57 ::1 blxremote.php: (CMD:'upsync')(D2CE2D322DD2FD86/sys_param.lxp.json => 211kB)(Run:0.777 msec)
20.02.24 00:51:57 ::1 blxremote.php: (CMD:'upsync')(4261639847DAEDCA/iparam.lxp.json => 275kB)(Run:0.7272 msec)
20.02.24 00:51:57 ::1 blxremote.php: (CMD:'upsync')(4261639847DAEDCA/sys_param.lxp.json => 212kB)(Run:0.6061 msec)
20.02.24 00:51:57 ::1 blxremote.php: (CMD:'upsync')(D51734FD53E248CD/iparam.lxp.json => 275kB)(Run:1.163 msec)
20.02.24 00:51:57 ::1 blxremote.php: (CMD:'upsync')(D51734FD53E248CD/sys_param.lxp.json => 212kB)(Run:0.5779 msec)
20.02.24 00:51:57 ::1 blxremote.php: (CMD:'upsync')(7850BF3257DA70D7/iparam.lxp.json => 275kB)(Run:0.7279 msec)
20.02.24 00:51:57 ::1 blxremote.php: (CMD:'upsync')(7850BF3257DA70D7/sys_param.lxp.json => 212kB)(Run:0.576 msec)
20.02.24 00:51:57 ::1 blxremote.php: (CMD:'upsync')(938EC32D5AF3A645/iparam.lxp.json => 364kB)(Run:0.895 msec)
20.02.24 00:51:57 ::1 blxremote.php: (CMD:'upsync')(938EC32D5AF3A645/sys_param.lxp.json => 243kB)(Run:0.757 msec)
20.02.24 00:51:57 ::1 blxremote.php: (CMD:'upsync')(1BDFD75C66C8C2F2/iparam.lxp.json => 251kB)(Run:0.8781 msec)
20.02.24 00:51:57 ::1 blxremote.php: (CMD:'upsync')(1BDFD75C66C8C2F2/sys_param.lxp.json => 192kB)(Run:0.571 msec)
20.02.24 00:51:57 ::1 blxremote.php: (CMD:'upsync')(6F34BA76763CA031/iparam.lxp.json => 275kB)(Run:0.7079 msec)
20.02.24 00:51:57 ::1 blxremote.php: (CMD:'upsync')(6F34BA76763CA031/sys_param.lxp.json => 212kB)(Run:0.7679 msec)
20.02.24 00:51:57 ::1 blxremote.php: (CMD:'upsync')(50CBBF8B780A510D/iparam.lxp.json => 275kB)(Run:0.6709 msec)
20.02.24 00:51:57 ::1 blxremote.php: (CMD:'upsync')(50CBBF8B780A510D/sys_param.lxp.json => 212kB)(Run:0.5701 msec)
20.02.24 00:51:57 ::1 blxremote.php: (CMD:'upsync')(CF4703A294F8BB3F/iparam.lxp.json => 366kB)(Run:0.6778 msec)
20.02.24 00:51:57 ::1 blxremote.php: (CMD:'upsync')(CF4703A294F8BB3F/sys_param.lxp.json => 211kB)(Run:0.664 msec)
20.02.24 00:51:57 ::1 blxremote.php: (CMD:'upsync')(78BFF32D9BAFF42B/iparam.lxp.json => 360kB)(Run:0.6912 msec)
20.02.24 00:51:57 ::1 blxremote.php: (CMD:'upsync')(78BFF32D9BAFF42B/sys_param.lxp.json => 211kB)(Run:0.622 msec)
20.02.24 00:51:57 ::1 blxremote.php: (CMD:'upsync')(854CA3E19BF5B834/iparam.lxp.json => 275kB)(Run:0.6881 msec)
20.02.24 00:51:57 ::1 blxremote.php: (CMD:'upsync')(854CA3E19BF5B834/sys_param.lxp.json => 212kB)(Run:0.5949 msec)
20.02.24 00:51:57 ::1 blxremote.php: (CMD:'upsync')(C2263EADA7948D06/iparam.lxp.json => 369kB)(Run:0.684 msec)
20.02.24 00:51:57 ::1 blxremote.php: (CMD:'upsync')(C2263EADA7948D06/sys_param.lxp.json => 207kB)(Run:0.5879 msec)
20.02.24 00:51:57 ::1 blxremote.php: (CMD:'upsync')(6E576901BE4A32FC/iparam.lxp.json => 275kB)(Run:0.7501 msec)
20.02.24 00:51:57 ::1 blxremote.php: (CMD:'upsync')(6E576901BE4A32FC/sys_param.lxp.json => 215kB)(Run:0.5682 msec)
20.02.24 00:51:57 ::1 blxremote.php: (CMD:'upsync')(4CB8F0F5CD7AE556/iparam.lxp.json => 275kB)(Run:0.8011 msec)
20.02.24 00:51:57 ::1 blxremote.php: (CMD:'upsync')(4CB8F0F5CD7AE556/sys_param.lxp.json => 212kB)(Run:0.5629 msec)
20.02.24 00:51:57 ::1 blxremote.php: (CMD:'upsync')(F7D1BA85D983D92D/iparam.lxp.json => 275kB)(Run:0.8042 msec)
20.02.24 00:51:57 ::1 blxremote.php: (CMD:'upsync')(F7D1BA85D983D92D/sys_param.lxp.json => 212kB)(Run:0.567 msec)
20.02.24 00:51:57 ::1 blxremote.php: (CMD:'upsync')(AE5660ACDED9FBCF/iparam.lxp.json => 360kB)(Run:0.7908 msec)
20.02.24 00:51:57 ::1 blxremote.php: (CMD:'upsync')(AE5660ACDED9FBCF/sys_param.lxp.json => 211kB)(Run:0.571 msec)
20.02.24 00:51:57 ::1 blxremote.php: (CMD:'upsync')(51784981E8743154/iparam.lxp.json => 275kB)(Run:0.7799 msec)
20.02.24 00:51:57 ::1 blxremote.php: (CMD:'upsync')(51784981E8743154/sys_param.lxp.json => 212kB)(Run:0.5729 msec)
20.02.24 00:51:57 ::1 blxremote.php: (CMD:'upsync')(26FEA299F444F836/iparam.lxp.json => 526kB)(Run:0.843 msec)
20.02.24 00:51:57 ::1 blxremote.php: (CMD:'upsync')(26FEA299F444F836/sys_param.lxp.json => 230kB)(Run:0.581 msec)
20.02.24 00:51:57 ::1 blxremote.php: (CMD:'upsync')(59019BFCF8CA9053/iparam.lxp.json => 275kB)(Run:0.9429 msec)
20.02.24 00:51:57 ::1 blxremote.php: (CMD:'upsync')(59019BFCF8CA9053/sys_param.lxp.json => 212kB)(Run:0.8042 msec)
20.02.24 00:51:57 ::1 blxremote.php: (CMD:'upsync')(B421A86B9ADFCAC2/data.edt.json => 3604.551kB)(Run:23.4969 msec)
20.02.24 00:51:57 ::1 blxremote.php: (CMD:'upsync')(B421A86B9ADFCAC2/iparam.lxp.json => 269kB)(Run:0.6881 msec)
20.02.24 00:51:57 ::1 blxremote.php: (CMD:'upsync')(B421A86B9ADFCAC2/sys_param.lxp.json => 214kB)(Run:0.5581 msec)
20.02.24 00:51:57 ::1 blxremote.php: (CMD:'upsync')(B421A86B9ADFCAC2/xtract.edt.json => 3604.553kB)(Run:22.0201 msec)
20.02.24 00:52:01 ::1 blxremote.php: (CMD:'upsync')(A0534D8E8DB6F418/data.edt.json => 2369.284kB)(Run:14.7269 msec)
20.02.24 00:52:01 ::1 blxremote.php: (CMD:'upsync')(A0534D8E8DB6F418/data.edt.old.json => 4117.132kB)(Run:27.873 msec)
20.02.24 00:52:01 ::1 blxremote.php: (CMD:'upsync')(A0534D8E8DB6F418/iparam.lxp.json => 365kB)(Run:0.4189 msec)
20.02.24 00:52:01 ::1 blxremote.php: (CMD:'upsync')(A0534D8E8DB6F418/sys_param.lxp.json => 214kB)(Run:0.4139 msec)
20.02.24 00:52:01 ::1 blxremote.php: (CMD:'upsync')(A0534D8E8DB6F418/xtract.edt.json => 6486.357kB)(Run:41.127 msec)
20.02.24 00:52:01 ::1 blxremote.php: (CMD:'upsync')(DDC2FB99207A7E7E/data.edt.json => 28.691kB)(Run:0.5281 msec)
20.02.24 00:52:01 ::1 blxremote.php: (CMD:'upsync')(DDC2FB99207A7E7E/iparam.lxp.json => 725kB)(Run:0.495 msec)
20.02.24 00:52:01 ::1 blxremote.php: (CMD:'upsync')(DDC2FB99207A7E7E/sys_param.lxp.json => 209kB)(Run:0.5209 msec)
20.02.24 00:52:01 ::1 blxremote.php: (CMD:'upsync')(DDC2FB99207A7E7E/xtract.edt.json => 28.693kB)(Run:0.6521 msec)
20.02.24 00:52:01 ::1 blxremote.php: (CMD:'upsync')(CFA091D23F3D0F27/data.edt.json => 2070kB)(Run:0.505 msec)
20.02.24 00:52:01 ::1 blxremote.php: (CMD:'upsync')(CFA091D23F3D0F27/iparam.lxp.json => 204kB)(Run:0.4249 msec)
20.02.24 00:52:01 ::1 blxremote.php: (CMD:'upsync')(CFA091D23F3D0F27/sys_param.lxp.json => 208kB)(Run:0.4389 msec)
20.02.24 00:52:01 ::1 blxremote.php: (CMD:'upsync')(CFA091D23F3D0F27/xtract.edt.json => 2072kB)(Run:0.5541 msec)
20.02.24 00:52:01 ::1 blxremote.php: (CMD:'upsync')(1E21C8400C9A5024/iparam.lxp.json => 275kB)(Run:0.5152 msec)
20.02.24 00:52:01 ::1 blxremote.php: (CMD:'upsync')(1E21C8400C9A5024/sys_param.lxp.json => 212kB)(Run:0.4001 msec)
20.02.24 00:52:01 ::1 blxremote.php: (CMD:'upsync')(E8CD68D31753F348/iparam.lxp.json => 275kB)(Run:0.4909 msec)
20.02.24 00:52:01 ::1 blxremote.php: (CMD:'upsync')(E8CD68D31753F348/sys_param.lxp.json => 212kB)(Run:0.4091 msec)
20.02.24 00:52:01 ::1 blxremote.php: (CMD:'upsync')(CA394D8622FC2C35/iparam.lxp.json => 441kB)(Run:0.3998 msec)
20.02.24 00:52:01 ::1 blxremote.php: (CMD:'upsync')(CA394D8622FC2C35/sys_param.lxp.json => 208kB)(Run:0.4041 msec)
20.02.24 00:52:01 ::1 blxremote.php: (CMD:'upsync')(D2CE2D322DD2FD86/iparam.lxp.json => 360kB)(Run:0.428 msec)
20.02.24 00:52:01 ::1 blxremote.php: (CMD:'upsync')(D2CE2D322DD2FD86/sys_param.lxp.json => 211kB)(Run:0.4091 msec)
20.02.24 00:52:01 ::1 blxremote.php: (CMD:'upsync')(4261639847DAEDCA/iparam.lxp.json => 275kB)(Run:0.412 msec)
20.02.24 00:52:01 ::1 blxremote.php: (CMD:'upsync')(4261639847DAEDCA/sys_param.lxp.json => 212kB)(Run:0.386 msec)
20.02.24 00:52:01 ::1 blxremote.php: (CMD:'upsync')(D51734FD53E248CD/iparam.lxp.json => 275kB)(Run:0.4089 msec)
20.02.24 00:52:01 ::1 blxremote.php: (CMD:'upsync')(D51734FD53E248CD/sys_param.lxp.json => 212kB)(Run:0.406 msec)
20.02.24 00:52:01 ::1 blxremote.php: (CMD:'upsync')(7850BF3257DA70D7/iparam.lxp.json => 275kB)(Run:0.4032 msec)
20.02.24 00:52:01 ::1 blxremote.php: (CMD:'upsync')(7850BF3257DA70D7/sys_param.lxp.json => 212kB)(Run:0.4051 msec)
20.02.24 00:52:01 ::1 blxremote.php: (CMD:'upsync')(938EC32D5AF3A645/iparam.lxp.json => 364kB)(Run:0.411 msec)
20.02.24 00:52:01 ::1 blxremote.php: (CMD:'upsync')(938EC32D5AF3A645/sys_param.lxp.json => 243kB)(Run:0.4849 msec)
20.02.24 00:52:01 ::1 blxremote.php: (CMD:'upsync')(1BDFD75C66C8C2F2/iparam.lxp.json => 251kB)(Run:0.4151 msec)
20.02.24 00:52:01 ::1 blxremote.php: (CMD:'upsync')(1BDFD75C66C8C2F2/sys_param.lxp.json => 192kB)(Run:0.443 msec)
20.02.24 00:52:01 ::1 blxremote.php: (CMD:'upsync')(6F34BA76763CA031/iparam.lxp.json => 275kB)(Run:0.479 msec)
20.02.24 00:52:01 ::1 blxremote.php: (CMD:'upsync')(6F34BA76763CA031/sys_param.lxp.json => 212kB)(Run:0.5751 msec)
20.02.24 00:52:01 ::1 blxremote.php: (CMD:'upsync')(50CBBF8B780A510D/iparam.lxp.json => 275kB)(Run:0.4141 msec)
20.02.24 00:52:01 ::1 blxremote.php: (CMD:'upsync')(50CBBF8B780A510D/sys_param.lxp.json => 212kB)(Run:0.4799 msec)
20.02.24 00:52:01 ::1 blxremote.php: (CMD:'upsync')(CF4703A294F8BB3F/iparam.lxp.json => 366kB)(Run:0.412 msec)
20.02.24 00:52:01 ::1 blxremote.php: (CMD:'upsync')(CF4703A294F8BB3F/sys_param.lxp.json => 211kB)(Run:0.452 msec)
20.02.24 00:52:01 ::1 blxremote.php: (CMD:'upsync')(78BFF32D9BAFF42B/iparam.lxp.json => 360kB)(Run:0.427 msec)
20.02.24 00:52:01 ::1 blxremote.php: (CMD:'upsync')(78BFF32D9BAFF42B/sys_param.lxp.json => 211kB)(Run:0.4389 msec)
20.02.24 00:52:01 ::1 blxremote.php: (CMD:'upsync')(854CA3E19BF5B834/iparam.lxp.json => 275kB)(Run:0.4151 msec)
20.02.24 00:52:01 ::1 blxremote.php: (CMD:'upsync')(854CA3E19BF5B834/sys_param.lxp.json => 212kB)(Run:0.55 msec)
20.02.24 00:52:01 ::1 blxremote.php: (CMD:'upsync')(C2263EADA7948D06/iparam.lxp.json => 369kB)(Run:0.416 msec)
20.02.24 00:52:01 ::1 blxremote.php: (CMD:'upsync')(C2263EADA7948D06/sys_param.lxp.json => 207kB)(Run:0.447 msec)
20.02.24 00:52:01 ::1 blxremote.php: (CMD:'upsync')(6E576901BE4A32FC/iparam.lxp.json => 275kB)(Run:0.4051 msec)
20.02.24 00:52:01 ::1 blxremote.php: (CMD:'upsync')(6E576901BE4A32FC/sys_param.lxp.json => 215kB)(Run:0.4101 msec)
20.02.24 00:52:01 ::1 blxremote.php: (CMD:'upsync')(4CB8F0F5CD7AE556/iparam.lxp.json => 275kB)(Run:0.4101 msec)
20.02.24 00:52:01 ::1 blxremote.php: (CMD:'upsync')(4CB8F0F5CD7AE556/sys_param.lxp.json => 212kB)(Run:0.433 msec)
20.02.24 00:52:01 ::1 blxremote.php: (CMD:'upsync')(F7D1BA85D983D92D/iparam.lxp.json => 275kB)(Run:0.402 msec)
20.02.24 00:52:01 ::1 blxremote.php: (CMD:'upsync')(F7D1BA85D983D92D/sys_param.lxp.json => 212kB)(Run:0.4458 msec)
20.02.24 00:52:01 ::1 blxremote.php: (CMD:'upsync')(AE5660ACDED9FBCF/iparam.lxp.json => 360kB)(Run:0.406 msec)
20.02.24 00:52:01 ::1 blxremote.php: (CMD:'upsync')(AE5660ACDED9FBCF/sys_param.lxp.json => 211kB)(Run:0.7279 msec)
20.02.24 00:52:01 ::1 blxremote.php: (CMD:'upsync')(51784981E8743154/iparam.lxp.json => 275kB)(Run:0.4051 msec)
20.02.24 00:52:01 ::1 blxremote.php: (CMD:'upsync')(51784981E8743154/sys_param.lxp.json => 212kB)(Run:0.4489 msec)
20.02.24 00:52:01 ::1 blxremote.php: (CMD:'upsync')(26FEA299F444F836/iparam.lxp.json => 526kB)(Run:0.4132 msec)
20.02.24 00:52:01 ::1 blxremote.php: (CMD:'upsync')(26FEA299F444F836/sys_param.lxp.json => 230kB)(Run:0.4191 msec)
20.02.24 00:52:01 ::1 blxremote.php: (CMD:'upsync')(59019BFCF8CA9053/iparam.lxp.json => 275kB)(Run:0.4191 msec)
20.02.24 00:52:01 ::1 blxremote.php: (CMD:'upsync')(59019BFCF8CA9053/sys_param.lxp.json => 212kB)(Run:0.5581 msec)
20.02.24 00:52:02 ::1 blxremote.php: (CMD:'upsync')(B421A86B9ADFCAC2/data.edt.json => 3604.551kB)(Run:22.4771 msec)
20.02.24 00:52:02 ::1 blxremote.php: (CMD:'upsync')(B421A86B9ADFCAC2/iparam.lxp.json => 269kB)(Run:0.4289 msec)
20.02.24 00:52:02 ::1 blxremote.php: (CMD:'upsync')(B421A86B9ADFCAC2/sys_param.lxp.json => 214kB)(Run:0.421 msec)
20.02.24 00:52:02 ::1 blxremote.php: (CMD:'upsync')(B421A86B9ADFCAC2/xtract.edt.json => 3604.553kB)(Run:22.7761 msec)
20.02.24 00:52:03 ::1 blxremote.php: (CMD:'upsync')(A0534D8E8DB6F418/data.edt.json => 2369.284kB)(Run:14.5941 msec)
20.02.24 00:52:03 ::1 blxremote.php: (CMD:'upsync')(A0534D8E8DB6F418/data.edt.old.json => 4117.132kB)(Run:26.6211 msec)
20.02.24 00:52:03 ::1 blxremote.php: (CMD:'upsync')(A0534D8E8DB6F418/iparam.lxp.json => 365kB)(Run:0.4151 msec)
20.02.24 00:52:03 ::1 blxremote.php: (CMD:'upsync')(A0534D8E8DB6F418/sys_param.lxp.json => 214kB)(Run:0.432 msec)
20.02.24 00:52:04 ::1 blxremote.php: (CMD:'upsync')(A0534D8E8DB6F418/xtract.edt.json => 6486.357kB)(Run:42.243 msec)
20.02.24 00:52:04 ::1 blxremote.php: (CMD:'upsync')(DDC2FB99207A7E7E/data.edt.json => 28.691kB)(Run:0.5391 msec)
20.02.24 00:52:04 ::1 blxremote.php: (CMD:'upsync')(DDC2FB99207A7E7E/iparam.lxp.json => 725kB)(Run:0.4961 msec)
20.02.24 00:52:04 ::1 blxremote.php: (CMD:'upsync')(DDC2FB99207A7E7E/sys_param.lxp.json => 209kB)(Run:0.3982 msec)
20.02.24 00:52:04 ::1 blxremote.php: (CMD:'upsync')(DDC2FB99207A7E7E/xtract.edt.json => 28.693kB)(Run:0.531 msec)
20.02.24 00:52:04 ::1 blxremote.php: (CMD:'upsync')(CFA091D23F3D0F27/data.edt.json => 2070kB)(Run:0.447 msec)
20.02.24 00:52:04 ::1 blxremote.php: (CMD:'upsync')(CFA091D23F3D0F27/iparam.lxp.json => 204kB)(Run:0.4158 msec)
20.02.24 00:52:04 ::1 blxremote.php: (CMD:'upsync')(CFA091D23F3D0F27/sys_param.lxp.json => 208kB)(Run:0.428 msec)
20.02.24 00:52:04 ::1 blxremote.php: (CMD:'upsync')(CFA091D23F3D0F27/xtract.edt.json => 2072kB)(Run:0.443 msec)
20.02.24 00:52:04 ::1 blxremote.php: (CMD:'upsync')(1E21C8400C9A5024/iparam.lxp.json => 275kB)(Run:0.4082 msec)
20.02.24 00:52:04 ::1 blxremote.php: (CMD:'upsync')(1E21C8400C9A5024/sys_param.lxp.json => 212kB)(Run:0.4141 msec)
20.02.24 00:52:04 ::1 blxremote.php: (CMD:'upsync')(E8CD68D31753F348/iparam.lxp.json => 275kB)(Run:0.392 msec)
20.02.24 00:52:04 ::1 blxremote.php: (CMD:'upsync')(E8CD68D31753F348/sys_param.lxp.json => 212kB)(Run:0.4101 msec)
20.02.24 00:52:04 ::1 blxremote.php: (CMD:'upsync')(CA394D8622FC2C35/iparam.lxp.json => 441kB)(Run:0.396 msec)
20.02.24 00:52:04 ::1 blxremote.php: (CMD:'upsync')(CA394D8622FC2C35/sys_param.lxp.json => 208kB)(Run:0.4122 msec)
20.02.24 00:52:04 ::1 blxremote.php: (CMD:'upsync')(D2CE2D322DD2FD86/iparam.lxp.json => 360kB)(Run:0.401 msec)
20.02.24 00:52:04 ::1 blxremote.php: (CMD:'upsync')(D2CE2D322DD2FD86/sys_param.lxp.json => 211kB)(Run:0.4182 msec)
20.02.24 00:52:04 ::1 blxremote.php: (CMD:'upsync')(4261639847DAEDCA/iparam.lxp.json => 275kB)(Run:0.4079 msec)
20.02.24 00:52:04 ::1 blxremote.php: (CMD:'upsync')(4261639847DAEDCA/sys_param.lxp.json => 212kB)(Run:0.4091 msec)
20.02.24 00:52:04 ::1 blxremote.php: (CMD:'upsync')(D51734FD53E248CD/iparam.lxp.json => 275kB)(Run:0.4041 msec)
20.02.24 00:52:04 ::1 blxremote.php: (CMD:'upsync')(D51734FD53E248CD/sys_param.lxp.json => 212kB)(Run:0.4089 msec)
20.02.24 00:52:04 ::1 blxremote.php: (CMD:'upsync')(7850BF3257DA70D7/iparam.lxp.json => 275kB)(Run:0.391 msec)
20.02.24 00:52:04 ::1 blxremote.php: (CMD:'upsync')(7850BF3257DA70D7/sys_param.lxp.json => 212kB)(Run:0.4239 msec)
20.02.24 00:52:04 ::1 blxremote.php: (CMD:'upsync')(938EC32D5AF3A645/iparam.lxp.json => 364kB)(Run:0.447 msec)
20.02.24 00:52:04 ::1 blxremote.php: (CMD:'upsync')(938EC32D5AF3A645/sys_param.lxp.json => 243kB)(Run:0.4051 msec)
20.02.24 00:52:04 ::1 blxremote.php: (CMD:'upsync')(1BDFD75C66C8C2F2/iparam.lxp.json => 251kB)(Run:0.4599 msec)
20.02.24 00:52:04 ::1 blxremote.php: (CMD:'upsync')(1BDFD75C66C8C2F2/sys_param.lxp.json => 192kB)(Run:0.4101 msec)
20.02.24 00:52:04 ::1 blxremote.php: (CMD:'upsync')(6F34BA76763CA031/iparam.lxp.json => 275kB)(Run:0.3991 msec)
20.02.24 00:52:04 ::1 blxremote.php: (CMD:'upsync')(6F34BA76763CA031/sys_param.lxp.json => 212kB)(Run:0.407 msec)
20.02.24 00:52:04 ::1 blxremote.php: (CMD:'upsync')(50CBBF8B780A510D/iparam.lxp.json => 275kB)(Run:0.4039 msec)
20.02.24 00:52:04 ::1 blxremote.php: (CMD:'upsync')(50CBBF8B780A510D/sys_param.lxp.json => 212kB)(Run:0.406 msec)
20.02.24 00:52:04 ::1 blxremote.php: (CMD:'upsync')(CF4703A294F8BB3F/iparam.lxp.json => 366kB)(Run:0.4001 msec)
20.02.24 00:52:04 ::1 blxremote.php: (CMD:'upsync')(CF4703A294F8BB3F/sys_param.lxp.json => 211kB)(Run:0.412 msec)
20.02.24 00:52:04 ::1 blxremote.php: (CMD:'upsync')(78BFF32D9BAFF42B/iparam.lxp.json => 360kB)(Run:0.407 msec)
20.02.24 00:52:04 ::1 blxremote.php: (CMD:'upsync')(78BFF32D9BAFF42B/sys_param.lxp.json => 211kB)(Run:0.4439 msec)
20.02.24 00:52:04 ::1 blxremote.php: (CMD:'upsync')(854CA3E19BF5B834/iparam.lxp.json => 275kB)(Run:0.448 msec)
20.02.24 00:52:04 ::1 blxremote.php: (CMD:'upsync')(854CA3E19BF5B834/sys_param.lxp.json => 212kB)(Run:0.412 msec)
20.02.24 00:52:04 ::1 blxremote.php: (CMD:'upsync')(C2263EADA7948D06/iparam.lxp.json => 369kB)(Run:0.402 msec)
20.02.24 00:52:04 ::1 blxremote.php: (CMD:'upsync')(C2263EADA7948D06/sys_param.lxp.json => 207kB)(Run:0.4041 msec)
20.02.24 00:52:04 ::1 blxremote.php: (CMD:'upsync')(6E576901BE4A32FC/iparam.lxp.json => 275kB)(Run:0.3939 msec)
20.02.24 00:52:04 ::1 blxremote.php: (CMD:'upsync')(6E576901BE4A32FC/sys_param.lxp.json => 215kB)(Run:0.406 msec)
20.02.24 00:52:04 ::1 blxremote.php: (CMD:'upsync')(4CB8F0F5CD7AE556/iparam.lxp.json => 275kB)(Run:0.4041 msec)
20.02.24 00:52:04 ::1 blxremote.php: (CMD:'upsync')(4CB8F0F5CD7AE556/sys_param.lxp.json => 212kB)(Run:0.402 msec)
20.02.24 00:52:04 ::1 blxremote.php: (CMD:'upsync')(F7D1BA85D983D92D/iparam.lxp.json => 275kB)(Run:0.4082 msec)
20.02.24 00:52:04 ::1 blxremote.php: (CMD:'upsync')(F7D1BA85D983D92D/sys_param.lxp.json => 212kB)(Run:0.4051 msec)
20.02.24 00:52:04 ::1 blxremote.php: (CMD:'upsync')(AE5660ACDED9FBCF/iparam.lxp.json => 360kB)(Run:0.4139 msec)
20.02.24 00:52:04 ::1 blxremote.php: (CMD:'upsync')(AE5660ACDED9FBCF/sys_param.lxp.json => 211kB)(Run:0.4289 msec)
20.02.24 00:52:04 ::1 blxremote.php: (CMD:'upsync')(51784981E8743154/iparam.lxp.json => 275kB)(Run:0.4101 msec)
20.02.24 00:52:04 ::1 blxremote.php: (CMD:'upsync')(51784981E8743154/sys_param.lxp.json => 212kB)(Run:0.458 msec)
20.02.24 00:52:04 ::1 blxremote.php: (CMD:'upsync')(26FEA299F444F836/iparam.lxp.json => 526kB)(Run:0.407 msec)
20.02.24 00:52:04 ::1 blxremote.php: (CMD:'upsync')(26FEA299F444F836/sys_param.lxp.json => 230kB)(Run:0.4289 msec)
20.02.24 00:52:04 ::1 blxremote.php: (CMD:'upsync')(59019BFCF8CA9053/iparam.lxp.json => 275kB)(Run:0.407 msec)
20.02.24 00:52:04 ::1 blxremote.php: (CMD:'upsync')(59019BFCF8CA9053/sys_param.lxp.json => 212kB)(Run:0.4492 msec)
20.02.24 00:52:04 ::1 blxremote.php: (CMD:'upsync')(B421A86B9ADFCAC2/data.edt.json => 3604.551kB)(Run:23.1659 msec)
20.02.24 00:52:04 ::1 blxremote.php: (CMD:'upsync')(B421A86B9ADFCAC2/iparam.lxp.json => 269kB)(Run:0.407 msec)
20.02.24 00:52:04 ::1 blxremote.php: (CMD:'upsync')(B421A86B9ADFCAC2/sys_param.lxp.json => 214kB)(Run:0.406 msec)
20.02.24 00:52:04 ::1 blxremote.php: (CMD:'upsync')(B421A86B9ADFCAC2/xtract.edt.json => 3604.553kB)(Run:22.1059 msec)
20.02.24 00:53:17 ::1 blxremote.php: (CMD:'upsync')(DDC2FB99207A7E7E/data.edt.json => 29.218kB)(Run:1.1549 msec)
20.02.24 00:53:17 ::1 blxremote.php: (CMD:'upsync')(DDC2FB99207A7E7E/iparam.lxp.json => 725kB)(Run:0.54 msec)
20.02.24 11:56:26 ::1 blxremote.php: (CMD:'upsync')(DDC2FB99207A7E7E/iparam.lxp.json => 725kB)(Run:6.9191 msec)
26.02.24 00:41:24 ::1 .
